2022-05-06 16:07:32,679:INFO:PyCaret Supervised Module
2022-05-06 16:07:32,679:INFO:ML Usecase: regression
2022-05-06 16:07:32,679:INFO:version 2.3.10
2022-05-06 16:07:32,679:INFO:Initializing setup()
2022-05-06 16:07:32,679:INFO:setup(target=rt_sostituzione, ml_usecase=regression, available_plots={'parameter': 'Hyperparameters', 'residuals': 'Residuals', 'error': 'Prediction Error', 'cooks': 'Cooks Distance', 'rfe': 'Feature Selection', 'learning': 'Learning Curve', 'manifold': 'Manifold Learning', 'vc': 'Validation Curve', 'feature': 'Feature Importance', 'feature_all': 'Feature Importance (All)', 'tree': 'Decision Tree', 'residuals_interactive': 'Interactive Residuals'}, train_size=0.7, test_data=None, preprocess=True, imputation_type=simple, iterative_imputation_iters=5, categorical_features=None, categorical_imputation=constant, categorical_iterative_imputer=lightgbm, ordinal_features=None, high_cardinality_features=['calendar_isholiday', 'calendar_isweekend', 'dayofweek_0', 'dayofweek_1', 'dayofweek_2', 'dayofweek_3', 'dayofweek_4', 'dayofweek_5', 'dayofweek_6', 'day_0', 'day_1', 'day_2', 'day_3', 'day_4', 'day_5', 'day_6', 'day_7', 'day_8', 'day_9', 'day_10', 'day_11', 'day_12', 'day_13', 'day_14', 'day_15', 'day_16', 'day_17', 'day_18', 'day_19', 'day_20', 'day_21', 'day_22', 'day_23', 'day_24', 'day_25', 'day_26', 'day_27', 'day_28', 'day_29', 'day_30', 'week_0', 'week_1', 'week_2', 'week_3', 'week_4', 'week_5', 'week_6', 'week_7', 'week_8', 'week_9', 'week_10', 'week_11', 'week_12', 'week_13', 'week_14', 'week_15', 'week_16', 'week_17', 'week_18', 'week_19', 'week_20', 'week_21', 'week_22', 'week_23', 'week_24', 'week_25', 'week_26', 'week_27', 'week_28', 'week_29', 'week_30', 'week_31', 'week_32', 'week_33', 'week_34', 'week_35', 'week_36', 'week_37', 'week_38', 'week_39', 'week_40', 'week_41', 'week_42', 'week_43', 'week_44', 'week_45', 'week_46', 'week_47', 'week_48', 'week_49', 'week_50', 'week_51', 'week_52', 'hour_0', 'hour_1', 'hour_2', 'hour_3', 'hour_4', 'hour_5', 'hour_6', 'hour_7', 'hour_8', 'hour_9', 'hour_10', 'hour_11', 'hour_12', 'hour_13', 'hour_14', 'hour_15', 'hour_16', 'hour_17', 'hour_18', 'hour_19', 'hour_20', 'hour_21', 'hour_22', 'hour_23'], high_cardinality_method=frequency, numeric_features=['rs', 'solar_pred', 'wind_pred', 'contendibile_pred', 'mgp', 'solar_error', 'wind_error', 'contendibile_error', 'ren_mgp%', 'contendibile_pred-', 'ren_mgp%-', 'contendibile_pred+', 'ren_mgp%+', 'solar_pred|dod|mvmean|w2|of0', 'wind_pred|dod|mvmean|w2|of0', 'rt_sostituzione|dod|mvmean|w2|of1', 'rt_sostituzione|wow|mvmean|w2|of1', 'rt_sostituzione|dailymean|mvmean|w2|of1', 'rt_sostituzione|dailyq20|mvmean|w2|of1', 'rt_sostituzione|dailyq80|mvmean|w2|of1'], numeric_imputation=mean, numeric_iterative_imputer=lightgbm, date_features=None, ignore_features=None, normalize=False, normalize_method=zscore, transformation=False, transformation_method=yeo-johnson, handle_unknown_categorical=True, unknown_categorical_method=least_frequent, pca=False, pca_method=linear, pca_components=None, ignore_low_variance=False, combine_rare_levels=False, rare_level_threshold=0.1, bin_numeric_features=None, remove_outliers=True, outliers_threshold=0.05, remove_multicollinearity=True, multicollinearity_threshold=0.9, remove_perfect_collinearity=True, create_clusters=False, cluster_iter=20, polynomial_features=False, polynomial_degree=2, trigonometry_features=False, polynomial_threshold=0.1, group_features=None, group_names=None, feature_selection=True, feature_selection_threshold=0.8, feature_selection_method=classic, feature_interaction=False, feature_ratio=False, interaction_threshold=0.01, fix_imbalance=False, fix_imbalance_method=None, transform_target=False, transform_target_method=box-cox, data_split_shuffle=True, data_split_stratify=False, fold_strategy=timeseries, fold=10, fold_shuffle=False, fold_groups=None, n_jobs=4, use_gpu=False, custom_pipeline=None, html=True, session_id=None, log_experiment=False, experiment_name=None, experiment_custom_tags=None, log_plots=False, log_profile=False, log_data=False, silent=False, verbose=True, profile=False, profile_kwargs=None, display=None)
2022-05-06 16:07:32,679:INFO:Checking environment
2022-05-06 16:07:32,680:INFO:python_version: 3.8.13
2022-05-06 16:07:32,680:INFO:python_build: ('default', 'Mar 28 2022 11:38:47')
2022-05-06 16:07:32,680:INFO:machine: x86_64
2022-05-06 16:07:32,720:INFO:platform: Linux-5.4.0-107-generic-x86_64-with-glibc2.17
2022-05-06 16:07:32,720:INFO:Memory: svmem(total=33514221568, available=17081438208, percent=49.0, used=13956665344, free=5074366464, active=19072827392, inactive=6531719168, buffers=2343571456, cached=12139618304, shared=2000461824, slab=1768067072)
2022-05-06 16:07:32,721:INFO:Physical Core: 4
2022-05-06 16:07:32,721:INFO:Logical Core: 8
2022-05-06 16:07:32,721:INFO:Checking libraries
2022-05-06 16:07:32,721:INFO:pd==1.4.2
2022-05-06 16:07:32,721:INFO:numpy==1.19.5
2022-05-06 16:07:32,721:INFO:sklearn==0.23.2
2022-05-06 16:07:32,721:INFO:lightgbm==3.3.2
2022-05-06 16:07:32,721:WARNING:catboost not found
2022-05-06 16:07:32,721:WARNING:xgboost not found
2022-05-06 16:07:32,721:INFO:mlflow==1.25.1
2022-05-06 16:07:32,721:INFO:Checking Exceptions
2022-05-06 16:07:32,722:INFO:Declaring global variables
2022-05-06 16:07:32,722:INFO:USI: 17f2
2022-05-06 16:07:32,722:INFO:pycaret_globals: {'_all_models_internal', 'imputation_regressor', '_all_metrics', 'transform_target_param', 'experiment__', '_gpu_n_jobs_param', 'pycaret_globals', '_all_models', 'X_test', 'n_jobs_param', 'gpu_param', 'dashboard_logger', 'fold_groups_param', 'data_before_preprocess', 'seed', 'fold_generator', 'y', 'fix_imbalance_method_param', 'stratify_param', 'y_test', 'fix_imbalance_param', 'X', 'exp_name_log', '_internal_pipeline', 'html_param', 'target_param', 'imputation_classifier', 'create_model_container', 'y_train', 'prep_pipe', 'X_train', 'log_plots_param', 'master_model_container', '_available_plots', 'USI', 'fold_param', 'fold_shuffle_param', 'fold_groups_param_full', 'logging_param', 'transform_target_method_param', 'iterative_imputation_iters_param', '_ml_usecase', 'display_container'}
2022-05-06 16:07:32,722:INFO:Preparing display monitor
2022-05-06 16:07:32,722:INFO:Preparing display monitor
2022-05-06 16:07:32,728:INFO:Importing libraries
2022-05-06 16:07:32,728:INFO:Copying data for preprocessing
2022-05-06 16:07:32,731:INFO:Declaring preprocessing parameters
2022-05-06 16:07:32,733:INFO:Creating preprocessing pipeline
2022-05-06 16:07:32,739:INFO:Preprocessing pipeline created successfully
2022-05-06 16:07:32,739:ERROR:(Process Exit): setup has been interupted with user command 'quit'. setup must rerun.
2022-05-06 16:07:32,739:INFO:Creating global containers
2022-05-06 16:07:32,739:INFO:Internal pipeline: Pipeline(memory=None, steps=[('empty_step', 'passthrough')], verbose=False)
2022-05-06 16:07:37,186:WARNING:Couldn't import xgboost.XGBRegressor
2022-05-06 16:07:37,187:WARNING:Couldn't import catboost.CatBoostRegressor
2022-05-06 16:07:37,276:WARNING:Couldn't import xgboost.XGBRegressor
2022-05-06 16:07:37,277:WARNING:Couldn't import catboost.CatBoostRegressor
2022-05-06 16:07:37,277:INFO:Creating grid variables
2022-05-06 16:07:37,283:INFO:create_model_container: 0
2022-05-06 16:07:37,283:INFO:master_model_container: 0
2022-05-06 16:07:37,284:INFO:display_container: 1
2022-05-06 16:07:37,289:INFO:Pipeline(memory=None,
         steps=[('dtypes',
                 DataTypes_Auto_infer(categorical_features=[],
                                      display_types=True, features_todrop=[],
                                      id_columns=[], ml_usecase='regression',
                                      numerical_features=['rs', 'solar_pred',
                                                          'wind_pred',
                                                          'contendibile_pred',
                                                          'mgp', 'solar_error',
                                                          'wind_error',
                                                          'contendibile_error',
                                                          'ren_mgp%',
                                                          'contendibile_pred-',
                                                          'ren_mgp%-',
                                                          'contendibile_pred+',
                                                          'r...
                 Advanced_Feature_Selection_Classic(ml_usecase='regression',
                                                    n_jobs=-1, random_state=838,
                                                    subclass='binary',
                                                    target='rt_sostituzione',
                                                    top_features_to_pick=0.19999999999999996)),
                ('fix_multi',
                 Fix_multicollinearity(correlation_with_target_preference=None,
                                       correlation_with_target_threshold=0.0,
                                       target_variable='rt_sostituzione',
                                       threshold=0.9)),
                ('dfs', 'passthrough'), ('pca', 'passthrough')],
         verbose=False)
2022-05-06 16:07:37,289:INFO:setup() succesfully completed......................................
2022-05-06 16:07:37,356:INFO:Initializing compare_models()
2022-05-06 16:07:37,356:INFO:compare_models(include=None, fold=None, round=4, cross_validation=True, sort=MAE, n_select=5, budget_time=None, turbo=True, errors=ignore, fit_kwargs=None, groups=None, experiment_custom_tags=None, probability_threshold=None, verbose=True, display=None, exclude=None)
2022-05-06 16:07:37,356:INFO:Checking exceptions
2022-05-06 16:07:37,356:INFO:Preparing display monitor
2022-05-06 16:07:37,356:INFO:Preparing display monitor
2022-05-06 16:07:37,368:INFO:Initializing Linear Regression
2022-05-06 16:07:37,368:INFO:Total runtime is 2.789497375488281e-06 minutes
2022-05-06 16:07:37,371:INFO:SubProcess create_model() called ==================================
2022-05-06 16:07:37,371:INFO:Initializing create_model()
2022-05-06 16:07:37,371:INFO:create_model(estimator=lr, fold=TimeSeriesSplit(max_train_size=None, n_splits=10), round=4, cross_validation=True, predict=True, fit_kwargs={}, groups=None, refit=False, verbose=False, system=False, metrics=None, experiment_custom_tags=None, add_to_model_list=True, probability_threshold=None, display=<pycaret.internal.Display.Display object at 0x7fa10c1e7f70>, return_train_score=False, kwargs={})
2022-05-06 16:07:37,371:INFO:Checking exceptions
2022-05-06 16:07:37,371:INFO:Importing libraries
2022-05-06 16:07:37,371:INFO:Copying training dataset
2022-05-06 16:07:37,372:INFO:Defining folds
2022-05-06 16:07:37,372:INFO:Declaring metric variables
2022-05-06 16:07:37,376:INFO:Importing untrained model
2022-05-06 16:07:37,379:INFO:Linear Regression Imported succesfully
2022-05-06 16:07:37,385:INFO:Starting cross validation
2022-05-06 16:07:37,389:INFO:Cross validating with TimeSeriesSplit(max_train_size=None, n_splits=10), n_jobs=4
2022-05-06 16:07:39,171:INFO:Calculating mean and std
2022-05-06 16:07:39,171:INFO:Creating metrics dataframe
2022-05-06 16:07:39,189:INFO:Uploading results into container
2022-05-06 16:07:39,189:INFO:Uploading model into container now
2022-05-06 16:07:39,189:INFO:create_model_container: 1
2022-05-06 16:07:39,189:INFO:master_model_container: 1
2022-05-06 16:07:39,189:INFO:display_container: 2
2022-05-06 16:07:39,190:INFO:LinearRegression(copy_X=True, fit_intercept=True, n_jobs=4, normalize=False)
2022-05-06 16:07:39,190:INFO:create_model() succesfully completed......................................
2022-05-06 16:07:39,274:INFO:SubProcess create_model() end ==================================
2022-05-06 16:07:39,275:INFO:Creating metrics dataframe
2022-05-06 16:07:39,289:INFO:Initializing Lasso Regression
2022-05-06 16:07:39,289:INFO:Total runtime is 0.03201839923858643 minutes
2022-05-06 16:07:39,293:INFO:SubProcess create_model() called ==================================
2022-05-06 16:07:39,293:INFO:Initializing create_model()
2022-05-06 16:07:39,293:INFO:create_model(estimator=lasso, fold=TimeSeriesSplit(max_train_size=None, n_splits=10), round=4, cross_validation=True, predict=True, fit_kwargs={}, groups=None, refit=False, verbose=False, system=False, metrics=None, experiment_custom_tags=None, add_to_model_list=True, probability_threshold=None, display=<pycaret.internal.Display.Display object at 0x7fa10c1e7f70>, return_train_score=False, kwargs={})
2022-05-06 16:07:39,293:INFO:Checking exceptions
2022-05-06 16:07:39,293:INFO:Importing libraries
2022-05-06 16:07:39,293:INFO:Copying training dataset
2022-05-06 16:07:39,295:INFO:Defining folds
2022-05-06 16:07:39,295:INFO:Declaring metric variables
2022-05-06 16:07:39,299:INFO:Importing untrained model
2022-05-06 16:07:39,302:INFO:Lasso Regression Imported succesfully
2022-05-06 16:07:39,309:INFO:Starting cross validation
2022-05-06 16:07:39,310:INFO:Cross validating with TimeSeriesSplit(max_train_size=None, n_splits=10), n_jobs=4
2022-05-06 16:07:41,545:INFO:Calculating mean and std
2022-05-06 16:07:41,546:INFO:Creating metrics dataframe
2022-05-06 16:07:41,566:INFO:Uploading results into container
2022-05-06 16:07:41,567:INFO:Uploading model into container now
2022-05-06 16:07:41,567:INFO:create_model_container: 2
2022-05-06 16:07:41,567:INFO:master_model_container: 2
2022-05-06 16:07:41,567:INFO:display_container: 2
2022-05-06 16:07:41,567:INFO:Lasso(alpha=1.0, copy_X=True, fit_intercept=True, max_iter=1000,
      normalize=False, positive=False, precompute=False, random_state=838,
      selection='cyclic', tol=0.0001, warm_start=False)
2022-05-06 16:07:41,567:INFO:create_model() succesfully completed......................................
2022-05-06 16:07:41,642:INFO:SubProcess create_model() end ==================================
2022-05-06 16:07:41,642:INFO:Creating metrics dataframe
2022-05-06 16:07:41,651:INFO:Initializing Ridge Regression
2022-05-06 16:07:41,652:INFO:Total runtime is 0.07139252026875814 minutes
2022-05-06 16:07:41,654:INFO:SubProcess create_model() called ==================================
2022-05-06 16:07:41,654:INFO:Initializing create_model()
2022-05-06 16:07:41,655:INFO:create_model(estimator=ridge, fold=TimeSeriesSplit(max_train_size=None, n_splits=10), round=4, cross_validation=True, predict=True, fit_kwargs={}, groups=None, refit=False, verbose=False, system=False, metrics=None, experiment_custom_tags=None, add_to_model_list=True, probability_threshold=None, display=<pycaret.internal.Display.Display object at 0x7fa10c1e7f70>, return_train_score=False, kwargs={})
2022-05-06 16:07:41,655:INFO:Checking exceptions
2022-05-06 16:07:41,655:INFO:Importing libraries
2022-05-06 16:07:41,655:INFO:Copying training dataset
2022-05-06 16:07:41,656:INFO:Defining folds
2022-05-06 16:07:41,656:INFO:Declaring metric variables
2022-05-06 16:07:41,661:INFO:Importing untrained model
2022-05-06 16:07:41,664:INFO:Ridge Regression Imported succesfully
2022-05-06 16:07:41,670:INFO:Starting cross validation
2022-05-06 16:07:41,671:INFO:Cross validating with TimeSeriesSplit(max_train_size=None, n_splits=10), n_jobs=4
2022-05-06 16:07:42,007:INFO:Calculating mean and std
2022-05-06 16:07:42,008:INFO:Creating metrics dataframe
2022-05-06 16:07:42,019:INFO:Uploading results into container
2022-05-06 16:07:42,019:INFO:Uploading model into container now
2022-05-06 16:07:42,019:INFO:create_model_container: 3
2022-05-06 16:07:42,019:INFO:master_model_container: 3
2022-05-06 16:07:42,019:INFO:display_container: 2
2022-05-06 16:07:42,019:INFO:Ridge(alpha=1.0, copy_X=True, fit_intercept=True, max_iter=None,
      normalize=False, random_state=838, solver='auto', tol=0.001)
2022-05-06 16:07:42,019:INFO:create_model() succesfully completed......................................
2022-05-06 16:07:42,075:INFO:SubProcess create_model() end ==================================
2022-05-06 16:07:42,075:INFO:Creating metrics dataframe
2022-05-06 16:07:42,086:INFO:Initializing Elastic Net
2022-05-06 16:07:42,086:INFO:Total runtime is 0.07862980365753174 minutes
2022-05-06 16:07:42,089:INFO:SubProcess create_model() called ==================================
2022-05-06 16:07:42,089:INFO:Initializing create_model()
2022-05-06 16:07:42,089:INFO:create_model(estimator=en, fold=TimeSeriesSplit(max_train_size=None, n_splits=10), round=4, cross_validation=True, predict=True, fit_kwargs={}, groups=None, refit=False, verbose=False, system=False, metrics=None, experiment_custom_tags=None, add_to_model_list=True, probability_threshold=None, display=<pycaret.internal.Display.Display object at 0x7fa10c1e7f70>, return_train_score=False, kwargs={})
2022-05-06 16:07:42,089:INFO:Checking exceptions
2022-05-06 16:07:42,089:INFO:Importing libraries
2022-05-06 16:07:42,089:INFO:Copying training dataset
2022-05-06 16:07:42,090:INFO:Defining folds
2022-05-06 16:07:42,090:INFO:Declaring metric variables
2022-05-06 16:07:42,093:INFO:Importing untrained model
2022-05-06 16:07:42,096:INFO:Elastic Net Imported succesfully
2022-05-06 16:07:42,103:INFO:Starting cross validation
2022-05-06 16:07:42,103:INFO:Cross validating with TimeSeriesSplit(max_train_size=None, n_splits=10), n_jobs=4
2022-05-06 16:07:44,123:INFO:Calculating mean and std
2022-05-06 16:07:44,124:INFO:Creating metrics dataframe
2022-05-06 16:07:44,136:INFO:Uploading results into container
2022-05-06 16:07:44,136:INFO:Uploading model into container now
2022-05-06 16:07:44,136:INFO:create_model_container: 4
2022-05-06 16:07:44,136:INFO:master_model_container: 4
2022-05-06 16:07:44,136:INFO:display_container: 2
2022-05-06 16:07:44,136:INFO:ElasticNet(alpha=1.0, copy_X=True, fit_intercept=True, l1_ratio=0.5,
           max_iter=1000, normalize=False, positive=False, precompute=False,
           random_state=838, selection='cyclic', tol=0.0001, warm_start=False)
2022-05-06 16:07:44,136:INFO:create_model() succesfully completed......................................
2022-05-06 16:07:44,204:INFO:SubProcess create_model() end ==================================
2022-05-06 16:07:44,204:INFO:Creating metrics dataframe
2022-05-06 16:07:44,220:INFO:Initializing Least Angle Regression
2022-05-06 16:07:44,220:INFO:Total runtime is 0.11419591108957927 minutes
2022-05-06 16:07:44,223:INFO:SubProcess create_model() called ==================================
2022-05-06 16:07:44,223:INFO:Initializing create_model()
2022-05-06 16:07:44,223:INFO:create_model(estimator=lar, fold=TimeSeriesSplit(max_train_size=None, n_splits=10), round=4, cross_validation=True, predict=True, fit_kwargs={}, groups=None, refit=False, verbose=False, system=False, metrics=None, experiment_custom_tags=None, add_to_model_list=True, probability_threshold=None, display=<pycaret.internal.Display.Display object at 0x7fa10c1e7f70>, return_train_score=False, kwargs={})
2022-05-06 16:07:44,223:INFO:Checking exceptions
2022-05-06 16:07:44,223:INFO:Importing libraries
2022-05-06 16:07:44,223:INFO:Copying training dataset
2022-05-06 16:07:44,225:INFO:Defining folds
2022-05-06 16:07:44,226:INFO:Declaring metric variables
2022-05-06 16:07:44,230:INFO:Importing untrained model
2022-05-06 16:07:44,234:INFO:Least Angle Regression Imported succesfully
2022-05-06 16:07:44,241:INFO:Starting cross validation
2022-05-06 16:07:44,242:INFO:Cross validating with TimeSeriesSplit(max_train_size=None, n_splits=10), n_jobs=4
2022-05-06 16:07:44,638:WARNING:create_model() for lar raised an exception or returned all 0.0, trying without fit_kwargs:
2022-05-06 16:07:44,639:WARNING:joblib.externals.loky.process_executor._RemoteTraceback: 
"""
Traceback (most recent call last):
  File "/home/davide/anaconda3/envs/test/lib/python3.8/site-packages/joblib/externals/loky/process_executor.py", line 431, in _process_worker
    r = call_item()
  File "/home/davide/anaconda3/envs/test/lib/python3.8/site-packages/joblib/externals/loky/process_executor.py", line 285, in __call__
    return self.fn(*self.args, **self.kwargs)
  File "/home/davide/anaconda3/envs/test/lib/python3.8/site-packages/joblib/_parallel_backends.py", line 595, in __call__
    return self.func(*args, **kwargs)
  File "/home/davide/anaconda3/envs/test/lib/python3.8/site-packages/joblib/parallel.py", line 262, in __call__
    return [func(*args, **kwargs)
  File "/home/davide/anaconda3/envs/test/lib/python3.8/site-packages/joblib/parallel.py", line 262, in <listcomp>
    return [func(*args, **kwargs)
  File "/home/davide/anaconda3/envs/test/lib/python3.8/site-packages/sklearn/model_selection/_validation.py", line 560, in _fit_and_score
    test_scores = _score(estimator, X_test, y_test, scorer)
  File "/home/davide/anaconda3/envs/test/lib/python3.8/site-packages/sklearn/model_selection/_validation.py", line 607, in _score
    scores = scorer(estimator, X_test, y_test)
  File "/home/davide/anaconda3/envs/test/lib/python3.8/site-packages/sklearn/metrics/_scorer.py", line 87, in __call__
    score = scorer._score(cached_call, estimator,
  File "/home/davide/anaconda3/envs/test/lib/python3.8/site-packages/sklearn/metrics/_scorer.py", line 212, in _score
    return self._sign * self._score_func(y_true, y_pred,
  File "/home/davide/anaconda3/envs/test/lib/python3.8/site-packages/sklearn/utils/validation.py", line 72, in inner_f
    return f(**kwargs)
  File "/home/davide/anaconda3/envs/test/lib/python3.8/site-packages/sklearn/metrics/_regression.py", line 178, in mean_absolute_error
    y_type, y_true, y_pred, multioutput = _check_reg_targets(
  File "/home/davide/anaconda3/envs/test/lib/python3.8/site-packages/sklearn/metrics/_regression.py", line 86, in _check_reg_targets
    y_pred = check_array(y_pred, ensure_2d=False, dtype=dtype)
  File "/home/davide/anaconda3/envs/test/lib/python3.8/site-packages/sklearn/utils/validation.py", line 72, in inner_f
    return f(**kwargs)
  File "/home/davide/anaconda3/envs/test/lib/python3.8/site-packages/sklearn/utils/validation.py", line 644, in check_array
    _assert_all_finite(array,
  File "/home/davide/anaconda3/envs/test/lib/python3.8/site-packages/sklearn/utils/validation.py", line 96, in _assert_all_finite
    raise ValueError(
ValueError: Input contains NaN, infinity or a value too large for dtype('float64').
"""

The above exception was the direct cause of the following exception:

Traceback (most recent call last):
  File "/home/davide/anaconda3/envs/test/lib/python3.8/site-packages/pycaret/internal/tabular.py", line 2203, in compare_models
    model, model_fit_time = create_model_supervised(**create_model_args)
  File "/home/davide/anaconda3/envs/test/lib/python3.8/site-packages/pycaret/internal/tabular.py", line 3200, in create_model_supervised
    scores = cross_validate(
  File "/home/davide/anaconda3/envs/test/lib/python3.8/site-packages/sklearn/utils/validation.py", line 72, in inner_f
    return f(**kwargs)
  File "/home/davide/anaconda3/envs/test/lib/python3.8/site-packages/sklearn/model_selection/_validation.py", line 242, in cross_validate
    scores = parallel(
  File "/home/davide/anaconda3/envs/test/lib/python3.8/site-packages/joblib/parallel.py", line 1054, in __call__
    self.retrieve()
  File "/home/davide/anaconda3/envs/test/lib/python3.8/site-packages/joblib/parallel.py", line 933, in retrieve
    self._output.extend(job.get(timeout=self.timeout))
  File "/home/davide/anaconda3/envs/test/lib/python3.8/site-packages/joblib/_parallel_backends.py", line 542, in wrap_future_result
    return future.result(timeout=timeout)
  File "/home/davide/anaconda3/envs/test/lib/python3.8/concurrent/futures/_base.py", line 444, in result
    return self.__get_result()
  File "/home/davide/anaconda3/envs/test/lib/python3.8/concurrent/futures/_base.py", line 389, in __get_result
    raise self._exception
ValueError: Input contains NaN, infinity or a value too large for dtype('float64').

2022-05-06 16:07:44,640:INFO:Initializing create_model()
2022-05-06 16:07:44,640:INFO:create_model(estimator=lar, fold=TimeSeriesSplit(max_train_size=None, n_splits=10), round=4, cross_validation=True, predict=True, fit_kwargs={}, groups=None, refit=False, verbose=False, system=False, metrics=None, experiment_custom_tags=None, add_to_model_list=True, probability_threshold=None, display=<pycaret.internal.Display.Display object at 0x7fa10c1e7f70>, return_train_score=False, kwargs={})
2022-05-06 16:07:44,640:INFO:Checking exceptions
2022-05-06 16:07:44,640:INFO:Importing libraries
2022-05-06 16:07:44,640:INFO:Copying training dataset
2022-05-06 16:07:44,642:INFO:Defining folds
2022-05-06 16:07:44,642:INFO:Declaring metric variables
2022-05-06 16:07:44,647:INFO:Importing untrained model
2022-05-06 16:07:44,650:INFO:Least Angle Regression Imported succesfully
2022-05-06 16:07:44,657:INFO:Starting cross validation
2022-05-06 16:07:44,658:INFO:Cross validating with TimeSeriesSplit(max_train_size=None, n_splits=10), n_jobs=4
2022-05-06 16:07:46,301:ERROR:create_model() for lar raised an exception or returned all 0.0:
2022-05-06 16:07:46,302:ERROR:joblib.externals.loky.process_executor._RemoteTraceback: 
"""
Traceback (most recent call last):
  File "/home/davide/anaconda3/envs/test/lib/python3.8/site-packages/joblib/externals/loky/process_executor.py", line 431, in _process_worker
    r = call_item()
  File "/home/davide/anaconda3/envs/test/lib/python3.8/site-packages/joblib/externals/loky/process_executor.py", line 285, in __call__
    return self.fn(*self.args, **self.kwargs)
  File "/home/davide/anaconda3/envs/test/lib/python3.8/site-packages/joblib/_parallel_backends.py", line 595, in __call__
    return self.func(*args, **kwargs)
  File "/home/davide/anaconda3/envs/test/lib/python3.8/site-packages/joblib/parallel.py", line 262, in __call__
    return [func(*args, **kwargs)
  File "/home/davide/anaconda3/envs/test/lib/python3.8/site-packages/joblib/parallel.py", line 262, in <listcomp>
    return [func(*args, **kwargs)
  File "/home/davide/anaconda3/envs/test/lib/python3.8/site-packages/sklearn/model_selection/_validation.py", line 560, in _fit_and_score
    test_scores = _score(estimator, X_test, y_test, scorer)
  File "/home/davide/anaconda3/envs/test/lib/python3.8/site-packages/sklearn/model_selection/_validation.py", line 607, in _score
    scores = scorer(estimator, X_test, y_test)
  File "/home/davide/anaconda3/envs/test/lib/python3.8/site-packages/sklearn/metrics/_scorer.py", line 87, in __call__
    score = scorer._score(cached_call, estimator,
  File "/home/davide/anaconda3/envs/test/lib/python3.8/site-packages/sklearn/metrics/_scorer.py", line 212, in _score
    return self._sign * self._score_func(y_true, y_pred,
  File "/home/davide/anaconda3/envs/test/lib/python3.8/site-packages/sklearn/utils/validation.py", line 72, in inner_f
    return f(**kwargs)
  File "/home/davide/anaconda3/envs/test/lib/python3.8/site-packages/sklearn/metrics/_regression.py", line 178, in mean_absolute_error
    y_type, y_true, y_pred, multioutput = _check_reg_targets(
  File "/home/davide/anaconda3/envs/test/lib/python3.8/site-packages/sklearn/metrics/_regression.py", line 86, in _check_reg_targets
    y_pred = check_array(y_pred, ensure_2d=False, dtype=dtype)
  File "/home/davide/anaconda3/envs/test/lib/python3.8/site-packages/sklearn/utils/validation.py", line 72, in inner_f
    return f(**kwargs)
  File "/home/davide/anaconda3/envs/test/lib/python3.8/site-packages/sklearn/utils/validation.py", line 644, in check_array
    _assert_all_finite(array,
  File "/home/davide/anaconda3/envs/test/lib/python3.8/site-packages/sklearn/utils/validation.py", line 96, in _assert_all_finite
    raise ValueError(
ValueError: Input contains NaN, infinity or a value too large for dtype('float64').
"""

The above exception was the direct cause of the following exception:

Traceback (most recent call last):
  File "/home/davide/anaconda3/envs/test/lib/python3.8/site-packages/pycaret/internal/tabular.py", line 2212, in compare_models
    model, model_fit_time = create_model_supervised(**create_model_args)
  File "/home/davide/anaconda3/envs/test/lib/python3.8/site-packages/pycaret/internal/tabular.py", line 3200, in create_model_supervised
    scores = cross_validate(
  File "/home/davide/anaconda3/envs/test/lib/python3.8/site-packages/sklearn/utils/validation.py", line 72, in inner_f
    return f(**kwargs)
  File "/home/davide/anaconda3/envs/test/lib/python3.8/site-packages/sklearn/model_selection/_validation.py", line 242, in cross_validate
    scores = parallel(
  File "/home/davide/anaconda3/envs/test/lib/python3.8/site-packages/joblib/parallel.py", line 1054, in __call__
    self.retrieve()
  File "/home/davide/anaconda3/envs/test/lib/python3.8/site-packages/joblib/parallel.py", line 933, in retrieve
    self._output.extend(job.get(timeout=self.timeout))
  File "/home/davide/anaconda3/envs/test/lib/python3.8/site-packages/joblib/_parallel_backends.py", line 542, in wrap_future_result
    return future.result(timeout=timeout)
  File "/home/davide/anaconda3/envs/test/lib/python3.8/concurrent/futures/_base.py", line 444, in result
    return self.__get_result()
  File "/home/davide/anaconda3/envs/test/lib/python3.8/concurrent/futures/_base.py", line 389, in __get_result
    raise self._exception
ValueError: Input contains NaN, infinity or a value too large for dtype('float64').

2022-05-06 16:07:46,302:INFO:Initializing Lasso Least Angle Regression
2022-05-06 16:07:46,302:INFO:Total runtime is 0.148896861076355 minutes
2022-05-06 16:07:46,305:INFO:SubProcess create_model() called ==================================
2022-05-06 16:07:46,306:INFO:Initializing create_model()
2022-05-06 16:07:46,306:INFO:create_model(estimator=llar, fold=TimeSeriesSplit(max_train_size=None, n_splits=10), round=4, cross_validation=True, predict=True, fit_kwargs={}, groups=None, refit=False, verbose=False, system=False, metrics=None, experiment_custom_tags=None, add_to_model_list=True, probability_threshold=None, display=<pycaret.internal.Display.Display object at 0x7fa10c1e7f70>, return_train_score=False, kwargs={})
2022-05-06 16:07:46,306:INFO:Checking exceptions
2022-05-06 16:07:46,306:INFO:Importing libraries
2022-05-06 16:07:46,306:INFO:Copying training dataset
2022-05-06 16:07:46,307:INFO:Defining folds
2022-05-06 16:07:46,307:INFO:Declaring metric variables
2022-05-06 16:07:46,311:INFO:Importing untrained model
2022-05-06 16:07:46,314:INFO:Lasso Least Angle Regression Imported succesfully
2022-05-06 16:07:46,320:INFO:Starting cross validation
2022-05-06 16:07:46,320:INFO:Cross validating with TimeSeriesSplit(max_train_size=None, n_splits=10), n_jobs=4
2022-05-06 16:07:47,856:INFO:Calculating mean and std
2022-05-06 16:07:47,857:INFO:Creating metrics dataframe
2022-05-06 16:07:47,881:INFO:Uploading results into container
2022-05-06 16:07:47,881:INFO:Uploading model into container now
2022-05-06 16:07:47,881:INFO:create_model_container: 5
2022-05-06 16:07:47,881:INFO:master_model_container: 5
2022-05-06 16:07:47,881:INFO:display_container: 2
2022-05-06 16:07:47,882:INFO:LassoLars(alpha=1.0, copy_X=True, eps=2.220446049250313e-16, fit_intercept=True,
          fit_path=True, jitter=None, max_iter=500, normalize=True,
          positive=False, precompute='auto', random_state=838, verbose=False)
2022-05-06 16:07:47,882:INFO:create_model() succesfully completed......................................
2022-05-06 16:07:47,979:INFO:SubProcess create_model() end ==================================
2022-05-06 16:07:47,979:INFO:Creating metrics dataframe
2022-05-06 16:07:47,995:INFO:Initializing Orthogonal Matching Pursuit
2022-05-06 16:07:47,995:INFO:Total runtime is 0.17711580991744996 minutes
2022-05-06 16:07:47,999:INFO:SubProcess create_model() called ==================================
2022-05-06 16:07:47,999:INFO:Initializing create_model()
2022-05-06 16:07:47,999:INFO:create_model(estimator=omp, fold=TimeSeriesSplit(max_train_size=None, n_splits=10), round=4, cross_validation=True, predict=True, fit_kwargs={}, groups=None, refit=False, verbose=False, system=False, metrics=None, experiment_custom_tags=None, add_to_model_list=True, probability_threshold=None, display=<pycaret.internal.Display.Display object at 0x7fa10c1e7f70>, return_train_score=False, kwargs={})
2022-05-06 16:07:47,999:INFO:Checking exceptions
2022-05-06 16:07:47,999:INFO:Importing libraries
2022-05-06 16:07:47,999:INFO:Copying training dataset
2022-05-06 16:07:48,001:INFO:Defining folds
2022-05-06 16:07:48,001:INFO:Declaring metric variables
2022-05-06 16:07:48,005:INFO:Importing untrained model
2022-05-06 16:07:48,009:INFO:Orthogonal Matching Pursuit Imported succesfully
2022-05-06 16:07:48,016:INFO:Starting cross validation
2022-05-06 16:07:48,016:INFO:Cross validating with TimeSeriesSplit(max_train_size=None, n_splits=10), n_jobs=4
2022-05-06 16:07:48,222:INFO:Calculating mean and std
2022-05-06 16:07:48,222:INFO:Creating metrics dataframe
2022-05-06 16:07:48,230:INFO:Uploading results into container
2022-05-06 16:07:48,231:INFO:Uploading model into container now
2022-05-06 16:07:48,231:INFO:create_model_container: 6
2022-05-06 16:07:48,231:INFO:master_model_container: 6
2022-05-06 16:07:48,231:INFO:display_container: 2
2022-05-06 16:07:48,231:INFO:OrthogonalMatchingPursuit(fit_intercept=True, n_nonzero_coefs=None,
                          normalize=True, precompute='auto', tol=None)
2022-05-06 16:07:48,231:INFO:create_model() succesfully completed......................................
2022-05-06 16:07:48,286:INFO:SubProcess create_model() end ==================================
2022-05-06 16:07:48,286:INFO:Creating metrics dataframe
2022-05-06 16:07:48,296:INFO:Initializing Bayesian Ridge
2022-05-06 16:07:48,296:INFO:Total runtime is 0.18212827841440837 minutes
2022-05-06 16:07:48,299:INFO:SubProcess create_model() called ==================================
2022-05-06 16:07:48,299:INFO:Initializing create_model()
2022-05-06 16:07:48,299:INFO:create_model(estimator=br, fold=TimeSeriesSplit(max_train_size=None, n_splits=10), round=4, cross_validation=True, predict=True, fit_kwargs={}, groups=None, refit=False, verbose=False, system=False, metrics=None, experiment_custom_tags=None, add_to_model_list=True, probability_threshold=None, display=<pycaret.internal.Display.Display object at 0x7fa10c1e7f70>, return_train_score=False, kwargs={})
2022-05-06 16:07:48,299:INFO:Checking exceptions
2022-05-06 16:07:48,299:INFO:Importing libraries
2022-05-06 16:07:48,299:INFO:Copying training dataset
2022-05-06 16:07:48,300:INFO:Defining folds
2022-05-06 16:07:48,301:INFO:Declaring metric variables
2022-05-06 16:07:48,304:INFO:Importing untrained model
2022-05-06 16:07:48,308:INFO:Bayesian Ridge Imported succesfully
2022-05-06 16:07:48,315:INFO:Starting cross validation
2022-05-06 16:07:48,315:INFO:Cross validating with TimeSeriesSplit(max_train_size=None, n_splits=10), n_jobs=4
2022-05-06 16:07:48,969:INFO:Calculating mean and std
2022-05-06 16:07:48,970:INFO:Creating metrics dataframe
2022-05-06 16:07:48,984:INFO:Uploading results into container
2022-05-06 16:07:48,984:INFO:Uploading model into container now
2022-05-06 16:07:48,985:INFO:create_model_container: 7
2022-05-06 16:07:48,985:INFO:master_model_container: 7
2022-05-06 16:07:48,985:INFO:display_container: 2
2022-05-06 16:07:48,985:INFO:BayesianRidge(alpha_1=1e-06, alpha_2=1e-06, alpha_init=None,
              compute_score=False, copy_X=True, fit_intercept=True,
              lambda_1=1e-06, lambda_2=1e-06, lambda_init=None, n_iter=300,
              normalize=False, tol=0.001, verbose=False)
2022-05-06 16:07:48,985:INFO:create_model() succesfully completed......................................
2022-05-06 16:07:49,049:INFO:SubProcess create_model() end ==================================
2022-05-06 16:07:49,049:INFO:Creating metrics dataframe
2022-05-06 16:07:49,059:INFO:Initializing Passive Aggressive Regressor
2022-05-06 16:07:49,059:INFO:Total runtime is 0.19485567808151247 minutes
2022-05-06 16:07:49,062:INFO:SubProcess create_model() called ==================================
2022-05-06 16:07:49,062:INFO:Initializing create_model()
2022-05-06 16:07:49,062:INFO:create_model(estimator=par, fold=TimeSeriesSplit(max_train_size=None, n_splits=10), round=4, cross_validation=True, predict=True, fit_kwargs={}, groups=None, refit=False, verbose=False, system=False, metrics=None, experiment_custom_tags=None, add_to_model_list=True, probability_threshold=None, display=<pycaret.internal.Display.Display object at 0x7fa10c1e7f70>, return_train_score=False, kwargs={})
2022-05-06 16:07:49,062:INFO:Checking exceptions
2022-05-06 16:07:49,062:INFO:Importing libraries
2022-05-06 16:07:49,062:INFO:Copying training dataset
2022-05-06 16:07:49,063:INFO:Defining folds
2022-05-06 16:07:49,063:INFO:Declaring metric variables
2022-05-06 16:07:49,066:INFO:Importing untrained model
2022-05-06 16:07:49,068:INFO:Passive Aggressive Regressor Imported succesfully
2022-05-06 16:07:49,073:INFO:Starting cross validation
2022-05-06 16:07:49,074:INFO:Cross validating with TimeSeriesSplit(max_train_size=None, n_splits=10), n_jobs=4
2022-05-06 16:07:49,567:INFO:Calculating mean and std
2022-05-06 16:07:49,567:INFO:Creating metrics dataframe
2022-05-06 16:07:49,582:INFO:Uploading results into container
2022-05-06 16:07:49,582:INFO:Uploading model into container now
2022-05-06 16:07:49,582:INFO:create_model_container: 8
2022-05-06 16:07:49,582:INFO:master_model_container: 8
2022-05-06 16:07:49,582:INFO:display_container: 2
2022-05-06 16:07:49,583:INFO:PassiveAggressiveRegressor(C=1.0, average=False, early_stopping=False,
                           epsilon=0.1, fit_intercept=True,
                           loss='epsilon_insensitive', max_iter=1000,
                           n_iter_no_change=5, random_state=838, shuffle=True,
                           tol=0.001, validation_fraction=0.1, verbose=0,
                           warm_start=False)
2022-05-06 16:07:49,583:INFO:create_model() succesfully completed......................................
2022-05-06 16:07:49,654:INFO:SubProcess create_model() end ==================================
2022-05-06 16:07:49,654:INFO:Creating metrics dataframe
2022-05-06 16:07:49,668:INFO:Initializing Huber Regressor
2022-05-06 16:07:49,668:INFO:Total runtime is 0.2050047278404236 minutes
2022-05-06 16:07:49,671:INFO:SubProcess create_model() called ==================================
2022-05-06 16:07:49,671:INFO:Initializing create_model()
2022-05-06 16:07:49,671:INFO:create_model(estimator=huber, fold=TimeSeriesSplit(max_train_size=None, n_splits=10), round=4, cross_validation=True, predict=True, fit_kwargs={}, groups=None, refit=False, verbose=False, system=False, metrics=None, experiment_custom_tags=None, add_to_model_list=True, probability_threshold=None, display=<pycaret.internal.Display.Display object at 0x7fa10c1e7f70>, return_train_score=False, kwargs={})
2022-05-06 16:07:49,671:INFO:Checking exceptions
2022-05-06 16:07:49,671:INFO:Importing libraries
2022-05-06 16:07:49,671:INFO:Copying training dataset
2022-05-06 16:07:49,672:INFO:Defining folds
2022-05-06 16:07:49,672:INFO:Declaring metric variables
2022-05-06 16:07:49,676:INFO:Importing untrained model
2022-05-06 16:07:49,679:INFO:Huber Regressor Imported succesfully
2022-05-06 16:07:49,685:INFO:Starting cross validation
2022-05-06 16:07:49,686:INFO:Cross validating with TimeSeriesSplit(max_train_size=None, n_splits=10), n_jobs=4
2022-05-06 16:07:53,180:INFO:Calculating mean and std
2022-05-06 16:07:53,180:INFO:Creating metrics dataframe
2022-05-06 16:07:53,188:INFO:Uploading results into container
2022-05-06 16:07:53,189:INFO:Uploading model into container now
2022-05-06 16:07:53,189:INFO:create_model_container: 9
2022-05-06 16:07:53,189:INFO:master_model_container: 9
2022-05-06 16:07:53,189:INFO:display_container: 2
2022-05-06 16:07:53,189:INFO:HuberRegressor(alpha=0.0001, epsilon=1.35, fit_intercept=True, max_iter=100,
               tol=1e-05, warm_start=False)
2022-05-06 16:07:53,189:INFO:create_model() succesfully completed......................................
2022-05-06 16:07:53,244:INFO:SubProcess create_model() end ==================================
2022-05-06 16:07:53,244:INFO:Creating metrics dataframe
2022-05-06 16:07:53,254:INFO:Initializing K Neighbors Regressor
2022-05-06 16:07:53,254:INFO:Total runtime is 0.2647654930750529 minutes
2022-05-06 16:07:53,257:INFO:SubProcess create_model() called ==================================
2022-05-06 16:07:53,257:INFO:Initializing create_model()
2022-05-06 16:07:53,257:INFO:create_model(estimator=knn, fold=TimeSeriesSplit(max_train_size=None, n_splits=10), round=4, cross_validation=True, predict=True, fit_kwargs={}, groups=None, refit=False, verbose=False, system=False, metrics=None, experiment_custom_tags=None, add_to_model_list=True, probability_threshold=None, display=<pycaret.internal.Display.Display object at 0x7fa10c1e7f70>, return_train_score=False, kwargs={})
2022-05-06 16:07:53,257:INFO:Checking exceptions
2022-05-06 16:07:53,257:INFO:Importing libraries
2022-05-06 16:07:53,257:INFO:Copying training dataset
2022-05-06 16:07:53,258:INFO:Defining folds
2022-05-06 16:07:53,258:INFO:Declaring metric variables
2022-05-06 16:07:53,262:INFO:Importing untrained model
2022-05-06 16:07:53,266:INFO:K Neighbors Regressor Imported succesfully
2022-05-06 16:07:53,272:INFO:Starting cross validation
2022-05-06 16:07:53,273:INFO:Cross validating with TimeSeriesSplit(max_train_size=None, n_splits=10), n_jobs=4
2022-05-06 16:07:54,343:INFO:Calculating mean and std
2022-05-06 16:07:54,344:INFO:Creating metrics dataframe
2022-05-06 16:07:54,371:INFO:Uploading results into container
2022-05-06 16:07:54,371:INFO:Uploading model into container now
2022-05-06 16:07:54,371:INFO:create_model_container: 10
2022-05-06 16:07:54,371:INFO:master_model_container: 10
2022-05-06 16:07:54,372:INFO:display_container: 2
2022-05-06 16:07:54,372:INFO:KNeighborsRegressor(algorithm='auto', leaf_size=30, metric='minkowski',
                    metric_params=None, n_jobs=4, n_neighbors=5, p=2,
                    weights='uniform')
2022-05-06 16:07:54,372:INFO:create_model() succesfully completed......................................
2022-05-06 16:07:54,484:INFO:SubProcess create_model() end ==================================
2022-05-06 16:07:54,484:INFO:Creating metrics dataframe
2022-05-06 16:07:54,502:INFO:Initializing Decision Tree Regressor
2022-05-06 16:07:54,502:INFO:Total runtime is 0.2855627854665121 minutes
2022-05-06 16:07:54,505:INFO:SubProcess create_model() called ==================================
2022-05-06 16:07:54,505:INFO:Initializing create_model()
2022-05-06 16:07:54,505:INFO:create_model(estimator=dt, fold=TimeSeriesSplit(max_train_size=None, n_splits=10), round=4, cross_validation=True, predict=True, fit_kwargs={}, groups=None, refit=False, verbose=False, system=False, metrics=None, experiment_custom_tags=None, add_to_model_list=True, probability_threshold=None, display=<pycaret.internal.Display.Display object at 0x7fa10c1e7f70>, return_train_score=False, kwargs={})
2022-05-06 16:07:54,505:INFO:Checking exceptions
2022-05-06 16:07:54,505:INFO:Importing libraries
2022-05-06 16:07:54,505:INFO:Copying training dataset
2022-05-06 16:07:54,506:INFO:Defining folds
2022-05-06 16:07:54,506:INFO:Declaring metric variables
2022-05-06 16:07:54,510:INFO:Importing untrained model
2022-05-06 16:07:54,515:INFO:Decision Tree Regressor Imported succesfully
2022-05-06 16:07:54,521:INFO:Starting cross validation
2022-05-06 16:07:54,522:INFO:Cross validating with TimeSeriesSplit(max_train_size=None, n_splits=10), n_jobs=4
2022-05-06 16:07:55,380:INFO:Calculating mean and std
2022-05-06 16:07:55,381:INFO:Creating metrics dataframe
2022-05-06 16:07:55,401:INFO:Uploading results into container
2022-05-06 16:07:55,402:INFO:Uploading model into container now
2022-05-06 16:07:55,402:INFO:create_model_container: 11
2022-05-06 16:07:55,402:INFO:master_model_container: 11
2022-05-06 16:07:55,402:INFO:display_container: 2
2022-05-06 16:07:55,403:INFO:DecisionTreeRegressor(ccp_alpha=0.0, criterion='mse', max_depth=None,
                      max_features=None, max_leaf_nodes=None,
                      min_impurity_decrease=0.0, min_impurity_split=None,
                      min_samples_leaf=1, min_samples_split=2,
                      min_weight_fraction_leaf=0.0, presort='deprecated',
                      random_state=838, splitter='best')
2022-05-06 16:07:55,403:INFO:create_model() succesfully completed......................................
2022-05-06 16:07:55,466:INFO:SubProcess create_model() end ==================================
2022-05-06 16:07:55,466:INFO:Creating metrics dataframe
2022-05-06 16:07:55,476:INFO:Initializing Random Forest Regressor
2022-05-06 16:07:55,476:INFO:Total runtime is 0.3017961502075196 minutes
2022-05-06 16:07:55,479:INFO:SubProcess create_model() called ==================================
2022-05-06 16:07:55,479:INFO:Initializing create_model()
2022-05-06 16:07:55,479:INFO:create_model(estimator=rf, fold=TimeSeriesSplit(max_train_size=None, n_splits=10), round=4, cross_validation=True, predict=True, fit_kwargs={}, groups=None, refit=False, verbose=False, system=False, metrics=None, experiment_custom_tags=None, add_to_model_list=True, probability_threshold=None, display=<pycaret.internal.Display.Display object at 0x7fa10c1e7f70>, return_train_score=False, kwargs={})
2022-05-06 16:07:55,479:INFO:Checking exceptions
2022-05-06 16:07:55,479:INFO:Importing libraries
2022-05-06 16:07:55,479:INFO:Copying training dataset
2022-05-06 16:07:55,480:INFO:Defining folds
2022-05-06 16:07:55,480:INFO:Declaring metric variables
2022-05-06 16:07:55,484:INFO:Importing untrained model
2022-05-06 16:07:55,487:INFO:Random Forest Regressor Imported succesfully
2022-05-06 16:07:55,495:INFO:Starting cross validation
2022-05-06 16:07:55,496:INFO:Cross validating with TimeSeriesSplit(max_train_size=None, n_splits=10), n_jobs=4
2022-05-06 16:08:18,651:INFO:Calculating mean and std
2022-05-06 16:08:18,652:INFO:Creating metrics dataframe
2022-05-06 16:08:18,673:INFO:Uploading results into container
2022-05-06 16:08:18,673:INFO:Uploading model into container now
2022-05-06 16:08:18,673:INFO:create_model_container: 12
2022-05-06 16:08:18,674:INFO:master_model_container: 12
2022-05-06 16:08:18,674:INFO:display_container: 2
2022-05-06 16:08:18,674:INFO:RandomForestRegressor(bootstrap=True, ccp_alpha=0.0, criterion='mse',
                      max_depth=None, max_features='auto', max_leaf_nodes=None,
                      max_samples=None, min_impurity_decrease=0.0,
                      min_impurity_split=None, min_samples_leaf=1,
                      min_samples_split=2, min_weight_fraction_leaf=0.0,
                      n_estimators=100, n_jobs=4, oob_score=False,
                      random_state=838, verbose=0, warm_start=False)
2022-05-06 16:08:18,674:INFO:create_model() succesfully completed......................................
2022-05-06 16:08:18,751:INFO:SubProcess create_model() end ==================================
2022-05-06 16:08:18,751:INFO:Creating metrics dataframe
2022-05-06 16:08:18,760:INFO:Initializing Extra Trees Regressor
2022-05-06 16:08:18,761:INFO:Total runtime is 0.689876953760783 minutes
2022-05-06 16:08:18,764:INFO:SubProcess create_model() called ==================================
2022-05-06 16:08:18,764:INFO:Initializing create_model()
2022-05-06 16:08:18,764:INFO:create_model(estimator=et, fold=TimeSeriesSplit(max_train_size=None, n_splits=10), round=4, cross_validation=True, predict=True, fit_kwargs={}, groups=None, refit=False, verbose=False, system=False, metrics=None, experiment_custom_tags=None, add_to_model_list=True, probability_threshold=None, display=<pycaret.internal.Display.Display object at 0x7fa10c1e7f70>, return_train_score=False, kwargs={})
2022-05-06 16:08:18,764:INFO:Checking exceptions
2022-05-06 16:08:18,764:INFO:Importing libraries
2022-05-06 16:08:18,764:INFO:Copying training dataset
2022-05-06 16:08:18,765:INFO:Defining folds
2022-05-06 16:08:18,765:INFO:Declaring metric variables
2022-05-06 16:08:18,769:INFO:Importing untrained model
2022-05-06 16:08:18,772:INFO:Extra Trees Regressor Imported succesfully
2022-05-06 16:08:18,779:INFO:Starting cross validation
2022-05-06 16:08:18,780:INFO:Cross validating with TimeSeriesSplit(max_train_size=None, n_splits=10), n_jobs=4
2022-05-06 16:08:38,848:INFO:Calculating mean and std
2022-05-06 16:08:38,849:INFO:Creating metrics dataframe
2022-05-06 16:08:38,870:INFO:Uploading results into container
2022-05-06 16:08:38,870:INFO:Uploading model into container now
2022-05-06 16:08:38,870:INFO:create_model_container: 13
2022-05-06 16:08:38,870:INFO:master_model_container: 13
2022-05-06 16:08:38,870:INFO:display_container: 2
2022-05-06 16:08:38,871:INFO:ExtraTreesRegressor(bootstrap=False, ccp_alpha=0.0, criterion='mse',
                    max_depth=None, max_features='auto', max_leaf_nodes=None,
                    max_samples=None, min_impurity_decrease=0.0,
                    min_impurity_split=None, min_samples_leaf=1,
                    min_samples_split=2, min_weight_fraction_leaf=0.0,
                    n_estimators=100, n_jobs=4, oob_score=False,
                    random_state=838, verbose=0, warm_start=False)
2022-05-06 16:08:38,871:INFO:create_model() succesfully completed......................................
2022-05-06 16:08:38,954:INFO:SubProcess create_model() end ==================================
2022-05-06 16:08:38,954:INFO:Creating metrics dataframe
2022-05-06 16:08:38,964:INFO:Initializing AdaBoost Regressor
2022-05-06 16:08:38,964:INFO:Total runtime is 1.0266000469525656 minutes
2022-05-06 16:08:38,967:INFO:SubProcess create_model() called ==================================
2022-05-06 16:08:38,967:INFO:Initializing create_model()
2022-05-06 16:08:38,967:INFO:create_model(estimator=ada, fold=TimeSeriesSplit(max_train_size=None, n_splits=10), round=4, cross_validation=True, predict=True, fit_kwargs={}, groups=None, refit=False, verbose=False, system=False, metrics=None, experiment_custom_tags=None, add_to_model_list=True, probability_threshold=None, display=<pycaret.internal.Display.Display object at 0x7fa10c1e7f70>, return_train_score=False, kwargs={})
2022-05-06 16:08:38,967:INFO:Checking exceptions
2022-05-06 16:08:38,967:INFO:Importing libraries
2022-05-06 16:08:38,967:INFO:Copying training dataset
2022-05-06 16:08:38,968:INFO:Defining folds
2022-05-06 16:08:38,968:INFO:Declaring metric variables
2022-05-06 16:08:38,971:INFO:Importing untrained model
2022-05-06 16:08:38,974:INFO:AdaBoost Regressor Imported succesfully
2022-05-06 16:08:38,980:INFO:Starting cross validation
2022-05-06 16:08:38,980:INFO:Cross validating with TimeSeriesSplit(max_train_size=None, n_splits=10), n_jobs=4
2022-05-06 16:08:45,123:INFO:Calculating mean and std
2022-05-06 16:08:45,124:INFO:Creating metrics dataframe
2022-05-06 16:08:45,143:INFO:Uploading results into container
2022-05-06 16:08:45,144:INFO:Uploading model into container now
2022-05-06 16:08:45,144:INFO:create_model_container: 14
2022-05-06 16:08:45,144:INFO:master_model_container: 14
2022-05-06 16:08:45,144:INFO:display_container: 2
2022-05-06 16:08:45,144:INFO:AdaBoostRegressor(base_estimator=None, learning_rate=1.0, loss='linear',
                  n_estimators=50, random_state=838)
2022-05-06 16:08:45,144:INFO:create_model() succesfully completed......................................
2022-05-06 16:08:45,208:INFO:SubProcess create_model() end ==================================
2022-05-06 16:08:45,208:INFO:Creating metrics dataframe
2022-05-06 16:08:45,217:INFO:Initializing Gradient Boosting Regressor
2022-05-06 16:08:45,217:INFO:Total runtime is 1.1308219313621521 minutes
2022-05-06 16:08:45,220:INFO:SubProcess create_model() called ==================================
2022-05-06 16:08:45,220:INFO:Initializing create_model()
2022-05-06 16:08:45,220:INFO:create_model(estimator=gbr, fold=TimeSeriesSplit(max_train_size=None, n_splits=10), round=4, cross_validation=True, predict=True, fit_kwargs={}, groups=None, refit=False, verbose=False, system=False, metrics=None, experiment_custom_tags=None, add_to_model_list=True, probability_threshold=None, display=<pycaret.internal.Display.Display object at 0x7fa10c1e7f70>, return_train_score=False, kwargs={})
2022-05-06 16:08:45,220:INFO:Checking exceptions
2022-05-06 16:08:45,220:INFO:Importing libraries
2022-05-06 16:08:45,220:INFO:Copying training dataset
2022-05-06 16:08:45,221:INFO:Defining folds
2022-05-06 16:08:45,222:INFO:Declaring metric variables
2022-05-06 16:08:45,225:INFO:Importing untrained model
2022-05-06 16:08:45,228:INFO:Gradient Boosting Regressor Imported succesfully
2022-05-06 16:08:45,235:INFO:Starting cross validation
2022-05-06 16:08:45,236:INFO:Cross validating with TimeSeriesSplit(max_train_size=None, n_splits=10), n_jobs=4
2022-05-06 16:08:56,917:INFO:Calculating mean and std
2022-05-06 16:08:56,918:INFO:Creating metrics dataframe
2022-05-06 16:08:56,928:INFO:Uploading results into container
2022-05-06 16:08:56,928:INFO:Uploading model into container now
2022-05-06 16:08:56,928:INFO:create_model_container: 15
2022-05-06 16:08:56,928:INFO:master_model_container: 15
2022-05-06 16:08:56,928:INFO:display_container: 2
2022-05-06 16:08:56,929:INFO:GradientBoostingRegressor(alpha=0.9, ccp_alpha=0.0, criterion='friedman_mse',
                          init=None, learning_rate=0.1, loss='ls', max_depth=3,
                          max_features=None, max_leaf_nodes=None,
                          min_impurity_decrease=0.0, min_impurity_split=None,
                          min_samples_leaf=1, min_samples_split=2,
                          min_weight_fraction_leaf=0.0, n_estimators=100,
                          n_iter_no_change=None, presort='deprecated',
                          random_state=838, subsample=1.0, tol=0.0001,
                          validation_fraction=0.1, verbose=0, warm_start=False)
2022-05-06 16:08:56,929:INFO:create_model() succesfully completed......................................
2022-05-06 16:08:56,986:INFO:SubProcess create_model() end ==================================
2022-05-06 16:08:56,987:INFO:Creating metrics dataframe
2022-05-06 16:08:56,997:INFO:Initializing Light Gradient Boosting Machine
2022-05-06 16:08:56,997:INFO:Total runtime is 1.3271456241607666 minutes
2022-05-06 16:08:57,000:INFO:SubProcess create_model() called ==================================
2022-05-06 16:08:57,000:INFO:Initializing create_model()
2022-05-06 16:08:57,000:INFO:create_model(estimator=lightgbm, fold=TimeSeriesSplit(max_train_size=None, n_splits=10), round=4, cross_validation=True, predict=True, fit_kwargs={}, groups=None, refit=False, verbose=False, system=False, metrics=None, experiment_custom_tags=None, add_to_model_list=True, probability_threshold=None, display=<pycaret.internal.Display.Display object at 0x7fa10c1e7f70>, return_train_score=False, kwargs={})
2022-05-06 16:08:57,000:INFO:Checking exceptions
2022-05-06 16:08:57,000:INFO:Importing libraries
2022-05-06 16:08:57,000:INFO:Copying training dataset
2022-05-06 16:08:57,001:INFO:Defining folds
2022-05-06 16:08:57,001:INFO:Declaring metric variables
2022-05-06 16:08:57,005:INFO:Importing untrained model
2022-05-06 16:08:57,009:INFO:Light Gradient Boosting Machine Imported succesfully
2022-05-06 16:08:57,016:INFO:Starting cross validation
2022-05-06 16:08:57,017:INFO:Cross validating with TimeSeriesSplit(max_train_size=None, n_splits=10), n_jobs=4
2022-05-06 16:09:14,207:INFO:Calculating mean and std
2022-05-06 16:09:14,208:INFO:Creating metrics dataframe
2022-05-06 16:09:14,222:INFO:Uploading results into container
2022-05-06 16:09:14,222:INFO:Uploading model into container now
2022-05-06 16:09:14,223:INFO:create_model_container: 16
2022-05-06 16:09:14,223:INFO:master_model_container: 16
2022-05-06 16:09:14,223:INFO:display_container: 2
2022-05-06 16:09:14,223:INFO:LGBMRegressor(boosting_type='gbdt', class_weight=None, colsample_bytree=1.0,
              importance_type='split', learning_rate=0.1, max_depth=-1,
              min_child_samples=20, min_child_weight=0.001, min_split_gain=0.0,
              n_estimators=100, n_jobs=4, num_leaves=31, objective=None,
              random_state=838, reg_alpha=0.0, reg_lambda=0.0, silent='warn',
              subsample=1.0, subsample_for_bin=200000, subsample_freq=0)
2022-05-06 16:09:14,223:INFO:create_model() succesfully completed......................................
2022-05-06 16:09:14,332:INFO:SubProcess create_model() end ==================================
2022-05-06 16:09:14,332:INFO:Creating metrics dataframe
2022-05-06 16:09:14,349:INFO:Initializing Dummy Regressor
2022-05-06 16:09:14,350:INFO:Total runtime is 1.6163605491320292 minutes
2022-05-06 16:09:14,353:INFO:SubProcess create_model() called ==================================
2022-05-06 16:09:14,354:INFO:Initializing create_model()
2022-05-06 16:09:14,354:INFO:create_model(estimator=dummy, fold=TimeSeriesSplit(max_train_size=None, n_splits=10), round=4, cross_validation=True, predict=True, fit_kwargs={}, groups=None, refit=False, verbose=False, system=False, metrics=None, experiment_custom_tags=None, add_to_model_list=True, probability_threshold=None, display=<pycaret.internal.Display.Display object at 0x7fa10c1e7f70>, return_train_score=False, kwargs={})
2022-05-06 16:09:14,354:INFO:Checking exceptions
2022-05-06 16:09:14,354:INFO:Importing libraries
2022-05-06 16:09:14,354:INFO:Copying training dataset
2022-05-06 16:09:14,355:INFO:Defining folds
2022-05-06 16:09:14,356:INFO:Declaring metric variables
2022-05-06 16:09:14,359:INFO:Importing untrained model
2022-05-06 16:09:14,362:INFO:Dummy Regressor Imported succesfully
2022-05-06 16:09:14,370:INFO:Starting cross validation
2022-05-06 16:09:14,371:INFO:Cross validating with TimeSeriesSplit(max_train_size=None, n_splits=10), n_jobs=4
2022-05-06 16:09:14,540:INFO:Calculating mean and std
2022-05-06 16:09:14,542:INFO:Creating metrics dataframe
2022-05-06 16:09:14,572:INFO:Uploading results into container
2022-05-06 16:09:14,572:INFO:Uploading model into container now
2022-05-06 16:09:14,572:INFO:create_model_container: 17
2022-05-06 16:09:14,573:INFO:master_model_container: 17
2022-05-06 16:09:14,573:INFO:display_container: 2
2022-05-06 16:09:14,573:INFO:DummyRegressor(constant=None, quantile=None, strategy='mean')
2022-05-06 16:09:14,573:INFO:create_model() succesfully completed......................................
2022-05-06 16:09:14,645:INFO:SubProcess create_model() end ==================================
2022-05-06 16:09:14,645:INFO:Creating metrics dataframe
2022-05-06 16:09:14,664:INFO:Initializing create_model()
2022-05-06 16:09:14,665:INFO:create_model(estimator=ExtraTreesRegressor(bootstrap=False, ccp_alpha=0.0, criterion='mse',
                    max_depth=None, max_features='auto', max_leaf_nodes=None,
                    max_samples=None, min_impurity_decrease=0.0,
                    min_impurity_split=None, min_samples_leaf=1,
                    min_samples_split=2, min_weight_fraction_leaf=0.0,
                    n_estimators=100, n_jobs=4, oob_score=False,
                    random_state=838, verbose=0, warm_start=False), fold=TimeSeriesSplit(max_train_size=None, n_splits=10), round=4, cross_validation=False, predict=False, fit_kwargs={}, groups=None, refit=True, verbose=False, system=False, metrics=None, experiment_custom_tags=None, add_to_model_list=True, probability_threshold=None, display=None, return_train_score=False, kwargs={})
2022-05-06 16:09:14,665:INFO:Checking exceptions
2022-05-06 16:09:14,665:INFO:Importing libraries
2022-05-06 16:09:14,665:INFO:Copying training dataset
2022-05-06 16:09:14,666:INFO:Defining folds
2022-05-06 16:09:14,666:INFO:Declaring metric variables
2022-05-06 16:09:14,667:INFO:Importing untrained model
2022-05-06 16:09:14,667:INFO:Declaring custom model
2022-05-06 16:09:14,668:INFO:Extra Trees Regressor Imported succesfully
2022-05-06 16:09:14,668:INFO:Cross validation set to False
2022-05-06 16:09:14,668:INFO:Fitting Model
2022-05-06 16:09:19,697:INFO:ExtraTreesRegressor(bootstrap=False, ccp_alpha=0.0, criterion='mse',
                    max_depth=None, max_features='auto', max_leaf_nodes=None,
                    max_samples=None, min_impurity_decrease=0.0,
                    min_impurity_split=None, min_samples_leaf=1,
                    min_samples_split=2, min_weight_fraction_leaf=0.0,
                    n_estimators=100, n_jobs=4, oob_score=False,
                    random_state=838, verbose=0, warm_start=False)
2022-05-06 16:09:19,697:INFO:create_models() succesfully completed......................................
2022-05-06 16:09:19,756:INFO:Initializing create_model()
2022-05-06 16:09:19,757:INFO:create_model(estimator=LGBMRegressor(boosting_type='gbdt', class_weight=None, colsample_bytree=1.0,
              importance_type='split', learning_rate=0.1, max_depth=-1,
              min_child_samples=20, min_child_weight=0.001, min_split_gain=0.0,
              n_estimators=100, n_jobs=4, num_leaves=31, objective=None,
              random_state=838, reg_alpha=0.0, reg_lambda=0.0, silent='warn',
              subsample=1.0, subsample_for_bin=200000, subsample_freq=0), fold=TimeSeriesSplit(max_train_size=None, n_splits=10), round=4, cross_validation=False, predict=False, fit_kwargs={}, groups=None, refit=True, verbose=False, system=False, metrics=None, experiment_custom_tags=None, add_to_model_list=True, probability_threshold=None, display=None, return_train_score=False, kwargs={})
2022-05-06 16:09:19,757:INFO:Checking exceptions
2022-05-06 16:09:19,757:INFO:Importing libraries
2022-05-06 16:09:19,757:INFO:Copying training dataset
2022-05-06 16:09:19,758:INFO:Defining folds
2022-05-06 16:09:19,758:INFO:Declaring metric variables
2022-05-06 16:09:19,758:INFO:Importing untrained model
2022-05-06 16:09:19,758:INFO:Declaring custom model
2022-05-06 16:09:19,758:INFO:Light Gradient Boosting Machine Imported succesfully
2022-05-06 16:09:19,759:INFO:Cross validation set to False
2022-05-06 16:09:19,759:INFO:Fitting Model
2022-05-06 16:09:20,049:INFO:LGBMRegressor(boosting_type='gbdt', class_weight=None, colsample_bytree=1.0,
              importance_type='split', learning_rate=0.1, max_depth=-1,
              min_child_samples=20, min_child_weight=0.001, min_split_gain=0.0,
              n_estimators=100, n_jobs=4, num_leaves=31, objective=None,
              random_state=838, reg_alpha=0.0, reg_lambda=0.0, silent='warn',
              subsample=1.0, subsample_for_bin=200000, subsample_freq=0)
2022-05-06 16:09:20,049:INFO:create_models() succesfully completed......................................
2022-05-06 16:09:20,109:INFO:Initializing create_model()
2022-05-06 16:09:20,109:INFO:create_model(estimator=RandomForestRegressor(bootstrap=True, ccp_alpha=0.0, criterion='mse',
                      max_depth=None, max_features='auto', max_leaf_nodes=None,
                      max_samples=None, min_impurity_decrease=0.0,
                      min_impurity_split=None, min_samples_leaf=1,
                      min_samples_split=2, min_weight_fraction_leaf=0.0,
                      n_estimators=100, n_jobs=4, oob_score=False,
                      random_state=838, verbose=0, warm_start=False), fold=TimeSeriesSplit(max_train_size=None, n_splits=10), round=4, cross_validation=False, predict=False, fit_kwargs={}, groups=None, refit=True, verbose=False, system=False, metrics=None, experiment_custom_tags=None, add_to_model_list=True, probability_threshold=None, display=None, return_train_score=False, kwargs={})
2022-05-06 16:09:20,109:INFO:Checking exceptions
2022-05-06 16:09:20,109:INFO:Importing libraries
2022-05-06 16:09:20,109:INFO:Copying training dataset
2022-05-06 16:09:20,110:INFO:Defining folds
2022-05-06 16:09:20,110:INFO:Declaring metric variables
2022-05-06 16:09:20,110:INFO:Importing untrained model
2022-05-06 16:09:20,110:INFO:Declaring custom model
2022-05-06 16:09:20,111:INFO:Random Forest Regressor Imported succesfully
2022-05-06 16:09:20,111:INFO:Cross validation set to False
2022-05-06 16:09:20,111:INFO:Fitting Model
2022-05-06 16:09:26,583:INFO:RandomForestRegressor(bootstrap=True, ccp_alpha=0.0, criterion='mse',
                      max_depth=None, max_features='auto', max_leaf_nodes=None,
                      max_samples=None, min_impurity_decrease=0.0,
                      min_impurity_split=None, min_samples_leaf=1,
                      min_samples_split=2, min_weight_fraction_leaf=0.0,
                      n_estimators=100, n_jobs=4, oob_score=False,
                      random_state=838, verbose=0, warm_start=False)
2022-05-06 16:09:26,583:INFO:create_models() succesfully completed......................................
2022-05-06 16:09:26,642:INFO:Initializing create_model()
2022-05-06 16:09:26,642:INFO:create_model(estimator=GradientBoostingRegressor(alpha=0.9, ccp_alpha=0.0, criterion='friedman_mse',
                          init=None, learning_rate=0.1, loss='ls', max_depth=3,
                          max_features=None, max_leaf_nodes=None,
                          min_impurity_decrease=0.0, min_impurity_split=None,
                          min_samples_leaf=1, min_samples_split=2,
                          min_weight_fraction_leaf=0.0, n_estimators=100,
                          n_iter_no_change=None, presort='deprecated',
                          random_state=838, subsample=1.0, tol=0.0001,
                          validation_fraction=0.1, verbose=0, warm_start=False), fold=TimeSeriesSplit(max_train_size=None, n_splits=10), round=4, cross_validation=False, predict=False, fit_kwargs={}, groups=None, refit=True, verbose=False, system=False, metrics=None, experiment_custom_tags=None, add_to_model_list=True, probability_threshold=None, display=None, return_train_score=False, kwargs={})
2022-05-06 16:09:26,643:INFO:Checking exceptions
2022-05-06 16:09:26,643:INFO:Importing libraries
2022-05-06 16:09:26,643:INFO:Copying training dataset
2022-05-06 16:09:26,644:INFO:Defining folds
2022-05-06 16:09:26,644:INFO:Declaring metric variables
2022-05-06 16:09:26,644:INFO:Importing untrained model
2022-05-06 16:09:26,644:INFO:Declaring custom model
2022-05-06 16:09:26,645:INFO:Gradient Boosting Regressor Imported succesfully
2022-05-06 16:09:26,645:INFO:Cross validation set to False
2022-05-06 16:09:26,645:INFO:Fitting Model
2022-05-06 16:09:34,193:INFO:GradientBoostingRegressor(alpha=0.9, ccp_alpha=0.0, criterion='friedman_mse',
                          init=None, learning_rate=0.1, loss='ls', max_depth=3,
                          max_features=None, max_leaf_nodes=None,
                          min_impurity_decrease=0.0, min_impurity_split=None,
                          min_samples_leaf=1, min_samples_split=2,
                          min_weight_fraction_leaf=0.0, n_estimators=100,
                          n_iter_no_change=None, presort='deprecated',
                          random_state=838, subsample=1.0, tol=0.0001,
                          validation_fraction=0.1, verbose=0, warm_start=False)
2022-05-06 16:09:34,194:INFO:create_models() succesfully completed......................................
2022-05-06 16:09:34,262:INFO:Initializing create_model()
2022-05-06 16:09:34,262:INFO:create_model(estimator=Ridge(alpha=1.0, copy_X=True, fit_intercept=True, max_iter=None,
      normalize=False, random_state=838, solver='auto', tol=0.001), fold=TimeSeriesSplit(max_train_size=None, n_splits=10), round=4, cross_validation=False, predict=False, fit_kwargs={}, groups=None, refit=True, verbose=False, system=False, metrics=None, experiment_custom_tags=None, add_to_model_list=True, probability_threshold=None, display=None, return_train_score=False, kwargs={})
2022-05-06 16:09:34,262:INFO:Checking exceptions
2022-05-06 16:09:34,262:INFO:Importing libraries
2022-05-06 16:09:34,262:INFO:Copying training dataset
2022-05-06 16:09:34,263:INFO:Defining folds
2022-05-06 16:09:34,263:INFO:Declaring metric variables
2022-05-06 16:09:34,263:INFO:Importing untrained model
2022-05-06 16:09:34,263:INFO:Declaring custom model
2022-05-06 16:09:34,264:INFO:Ridge Regression Imported succesfully
2022-05-06 16:09:34,264:INFO:Cross validation set to False
2022-05-06 16:09:34,264:INFO:Fitting Model
2022-05-06 16:09:34,404:INFO:Ridge(alpha=1.0, copy_X=True, fit_intercept=True, max_iter=None,
      normalize=False, random_state=838, solver='auto', tol=0.001)
2022-05-06 16:09:34,405:INFO:create_models() succesfully completed......................................
2022-05-06 16:09:34,528:INFO:create_model_container: 17
2022-05-06 16:09:34,528:INFO:master_model_container: 17
2022-05-06 16:09:34,528:INFO:display_container: 2
2022-05-06 16:09:34,529:INFO:[ExtraTreesRegressor(bootstrap=False, ccp_alpha=0.0, criterion='mse',
                    max_depth=None, max_features='auto', max_leaf_nodes=None,
                    max_samples=None, min_impurity_decrease=0.0,
                    min_impurity_split=None, min_samples_leaf=1,
                    min_samples_split=2, min_weight_fraction_leaf=0.0,
                    n_estimators=100, n_jobs=4, oob_score=False,
                    random_state=838, verbose=0, warm_start=False), LGBMRegressor(boosting_type='gbdt', class_weight=None, colsample_bytree=1.0,
              importance_type='split', learning_rate=0.1, max_depth=-1,
              min_child_samples=20, min_child_weight=0.001, min_split_gain=0.0,
              n_estimators=100, n_jobs=4, num_leaves=31, objective=None,
              random_state=838, reg_alpha=0.0, reg_lambda=0.0, silent='warn',
              subsample=1.0, subsample_for_bin=200000, subsample_freq=0), RandomForestRegressor(bootstrap=True, ccp_alpha=0.0, criterion='mse',
                      max_depth=None, max_features='auto', max_leaf_nodes=None,
                      max_samples=None, min_impurity_decrease=0.0,
                      min_impurity_split=None, min_samples_leaf=1,
                      min_samples_split=2, min_weight_fraction_leaf=0.0,
                      n_estimators=100, n_jobs=4, oob_score=False,
                      random_state=838, verbose=0, warm_start=False), GradientBoostingRegressor(alpha=0.9, ccp_alpha=0.0, criterion='friedman_mse',
                          init=None, learning_rate=0.1, loss='ls', max_depth=3,
                          max_features=None, max_leaf_nodes=None,
                          min_impurity_decrease=0.0, min_impurity_split=None,
                          min_samples_leaf=1, min_samples_split=2,
                          min_weight_fraction_leaf=0.0, n_estimators=100,
                          n_iter_no_change=None, presort='deprecated',
                          random_state=838, subsample=1.0, tol=0.0001,
                          validation_fraction=0.1, verbose=0, warm_start=False), Ridge(alpha=1.0, copy_X=True, fit_intercept=True, max_iter=None,
      normalize=False, random_state=838, solver='auto', tol=0.001)]
2022-05-06 16:09:34,529:INFO:compare_models() succesfully completed......................................
2022-05-06 16:09:34,530:INFO:Initializing tune_model()
2022-05-06 16:09:34,530:INFO:tune_model(estimator=ExtraTreesRegressor(bootstrap=False, ccp_alpha=0.0, criterion='mse',
                    max_depth=None, max_features='auto', max_leaf_nodes=None,
                    max_samples=None, min_impurity_decrease=0.0,
                    min_impurity_split=None, min_samples_leaf=1,
                    min_samples_split=2, min_weight_fraction_leaf=0.0,
                    n_estimators=100, n_jobs=4, oob_score=False,
                    random_state=838, verbose=0, warm_start=False), fold=None, round=4, n_iter=10, custom_grid=None, optimize=MAE, custom_scorer=None, search_library=scikit-learn, search_algorithm=None, early_stopping=False, early_stopping_max_iters=10, choose_better=True, fit_kwargs=None, groups=None, return_tuner=False, verbose=True, tuner_verbose=True, display=None, return_train_score=False, kwargs={})
2022-05-06 16:09:34,530:INFO:Checking exceptions
2022-05-06 16:09:34,530:INFO:Preparing display monitor
2022-05-06 16:09:34,542:INFO:Copying training dataset
2022-05-06 16:09:34,544:INFO:Checking base model
2022-05-06 16:09:34,544:INFO:Base model : Extra Trees Regressor
2022-05-06 16:09:34,553:INFO:Declaring metric variables
2022-05-06 16:09:34,560:INFO:Defining Hyperparameters
2022-05-06 16:09:34,624:INFO:Tuning with n_jobs=4
2022-05-06 16:09:34,625:INFO:Initializing RandomizedSearchCV
2022-05-06 16:43:42,254:INFO:best_params: {'actual_estimator__n_estimators': 10, 'actual_estimator__min_samples_split': 7, 'actual_estimator__min_samples_leaf': 4, 'actual_estimator__min_impurity_decrease': 0.0005, 'actual_estimator__max_features': 1.0, 'actual_estimator__max_depth': 9, 'actual_estimator__criterion': 'mse', 'actual_estimator__bootstrap': False}
2022-05-06 16:43:42,254:INFO:Hyperparameter search completed
2022-05-06 16:43:42,254:INFO:SubProcess create_model() called ==================================
2022-05-06 16:43:42,255:INFO:Initializing create_model()
2022-05-06 16:43:42,255:INFO:create_model(estimator=ExtraTreesRegressor(bootstrap=False, ccp_alpha=0.0, criterion='mse',
                    max_depth=None, max_features='auto', max_leaf_nodes=None,
                    max_samples=None, min_impurity_decrease=0.0,
                    min_impurity_split=None, min_samples_leaf=1,
                    min_samples_split=2, min_weight_fraction_leaf=0.0,
                    n_estimators=100, n_jobs=4, oob_score=False,
                    random_state=838, verbose=0, warm_start=False), fold=TimeSeriesSplit(max_train_size=None, n_splits=10), round=4, cross_validation=True, predict=True, fit_kwargs={}, groups=None, refit=True, verbose=True, system=False, metrics=None, experiment_custom_tags=None, add_to_model_list=True, probability_threshold=None, display=<pycaret.internal.Display.Display object at 0x7fa06c366400>, return_train_score=False, kwargs={'n_estimators': 10, 'min_samples_split': 7, 'min_samples_leaf': 4, 'min_impurity_decrease': 0.0005, 'max_features': 1.0, 'max_depth': 9, 'criterion': 'mse', 'bootstrap': False})
2022-05-06 16:43:42,255:INFO:Checking exceptions
2022-05-06 16:43:42,255:INFO:Importing libraries
2022-05-06 16:43:42,255:INFO:Copying training dataset
2022-05-06 16:43:42,256:INFO:Defining folds
2022-05-06 16:43:42,256:INFO:Declaring metric variables
2022-05-06 16:43:42,262:INFO:Importing untrained model
2022-05-06 16:43:42,263:INFO:Declaring custom model
2022-05-06 16:43:42,271:INFO:Extra Trees Regressor Imported succesfully
2022-05-06 16:43:42,287:INFO:Starting cross validation
2022-05-06 16:43:42,288:INFO:Cross validating with TimeSeriesSplit(max_train_size=None, n_splits=10), n_jobs=4
2022-05-06 16:43:43,452:INFO:Calculating mean and std
2022-05-06 16:43:43,452:INFO:Creating metrics dataframe
2022-05-06 16:43:43,460:INFO:Finalizing model
2022-05-06 16:43:43,675:INFO:Uploading results into container
2022-05-06 16:43:43,675:INFO:Uploading model into container now
2022-05-06 16:43:43,675:INFO:create_model_container: 18
2022-05-06 16:43:43,675:INFO:master_model_container: 18
2022-05-06 16:43:43,675:INFO:display_container: 3
2022-05-06 16:43:43,676:INFO:ExtraTreesRegressor(bootstrap=False, ccp_alpha=0.0, criterion='mse',
                    max_depth=9, max_features=1.0, max_leaf_nodes=None,
                    max_samples=None, min_impurity_decrease=0.0005,
                    min_impurity_split=None, min_samples_leaf=4,
                    min_samples_split=7, min_weight_fraction_leaf=0.0,
                    n_estimators=10, n_jobs=4, oob_score=False,
                    random_state=838, verbose=0, warm_start=False)
2022-05-06 16:43:43,676:INFO:create_model() succesfully completed......................................
2022-05-06 16:43:43,736:INFO:SubProcess create_model() end ==================================
2022-05-06 16:43:43,736:INFO:choose_better activated
2022-05-06 16:43:43,742:INFO:SubProcess create_model() called ==================================
2022-05-06 16:43:43,743:INFO:Initializing create_model()
2022-05-06 16:43:43,743:INFO:create_model(estimator=ExtraTreesRegressor(bootstrap=False, ccp_alpha=0.0, criterion='mse',
                    max_depth=None, max_features='auto', max_leaf_nodes=None,
                    max_samples=None, min_impurity_decrease=0.0,
                    min_impurity_split=None, min_samples_leaf=1,
                    min_samples_split=2, min_weight_fraction_leaf=0.0,
                    n_estimators=100, n_jobs=4, oob_score=False,
                    random_state=838, verbose=0, warm_start=False), fold=TimeSeriesSplit(max_train_size=None, n_splits=10), round=4, cross_validation=True, predict=True, fit_kwargs={}, groups=None, refit=True, verbose=False, system=False, metrics=None, experiment_custom_tags=None, add_to_model_list=True, probability_threshold=None, display=None, return_train_score=False, kwargs={})
2022-05-06 16:43:43,743:INFO:Checking exceptions
2022-05-06 16:43:43,743:INFO:Importing libraries
2022-05-06 16:43:43,743:INFO:Copying training dataset
2022-05-06 16:43:43,744:INFO:Defining folds
2022-05-06 16:43:43,744:INFO:Declaring metric variables
2022-05-06 16:43:43,744:INFO:Importing untrained model
2022-05-06 16:43:43,745:INFO:Declaring custom model
2022-05-06 16:43:43,745:INFO:Extra Trees Regressor Imported succesfully
2022-05-06 16:43:43,745:INFO:Starting cross validation
2022-05-06 16:43:43,746:INFO:Cross validating with TimeSeriesSplit(max_train_size=None, n_splits=10), n_jobs=4
2022-05-06 16:44:06,970:INFO:Calculating mean and std
2022-05-06 16:44:06,971:INFO:Creating metrics dataframe
2022-05-06 16:44:06,973:INFO:Finalizing model
2022-05-06 16:44:12,535:INFO:Uploading results into container
2022-05-06 16:44:12,535:INFO:Uploading model into container now
2022-05-06 16:44:12,535:INFO:create_model_container: 19
2022-05-06 16:44:12,535:INFO:master_model_container: 19
2022-05-06 16:44:12,535:INFO:display_container: 4
2022-05-06 16:44:12,535:INFO:ExtraTreesRegressor(bootstrap=False, ccp_alpha=0.0, criterion='mse',
                    max_depth=None, max_features='auto', max_leaf_nodes=None,
                    max_samples=None, min_impurity_decrease=0.0,
                    min_impurity_split=None, min_samples_leaf=1,
                    min_samples_split=2, min_weight_fraction_leaf=0.0,
                    n_estimators=100, n_jobs=4, oob_score=False,
                    random_state=838, verbose=0, warm_start=False)
2022-05-06 16:44:12,536:INFO:create_model() succesfully completed......................................
2022-05-06 16:44:12,595:INFO:SubProcess create_model() end ==================================
2022-05-06 16:44:12,595:INFO:ExtraTreesRegressor(bootstrap=False, ccp_alpha=0.0, criterion='mse',
                    max_depth=None, max_features='auto', max_leaf_nodes=None,
                    max_samples=None, min_impurity_decrease=0.0,
                    min_impurity_split=None, min_samples_leaf=1,
                    min_samples_split=2, min_weight_fraction_leaf=0.0,
                    n_estimators=100, n_jobs=4, oob_score=False,
                    random_state=838, verbose=0, warm_start=False) result for MAE is 177.1833
2022-05-06 16:44:12,596:INFO:ExtraTreesRegressor(bootstrap=False, ccp_alpha=0.0, criterion='mse',
                    max_depth=9, max_features=1.0, max_leaf_nodes=None,
                    max_samples=None, min_impurity_decrease=0.0005,
                    min_impurity_split=None, min_samples_leaf=4,
                    min_samples_split=7, min_weight_fraction_leaf=0.0,
                    n_estimators=10, n_jobs=4, oob_score=False,
                    random_state=838, verbose=0, warm_start=False) result for MAE is 232.3717
2022-05-06 16:44:12,596:INFO:ExtraTreesRegressor(bootstrap=False, ccp_alpha=0.0, criterion='mse',
                    max_depth=None, max_features='auto', max_leaf_nodes=None,
                    max_samples=None, min_impurity_decrease=0.0,
                    min_impurity_split=None, min_samples_leaf=1,
                    min_samples_split=2, min_weight_fraction_leaf=0.0,
                    n_estimators=100, n_jobs=4, oob_score=False,
                    random_state=838, verbose=0, warm_start=False) is best model
2022-05-06 16:44:12,596:INFO:choose_better completed
2022-05-06 16:44:12,603:INFO:create_model_container: 19
2022-05-06 16:44:12,603:INFO:master_model_container: 19
2022-05-06 16:44:12,603:INFO:display_container: 3
2022-05-06 16:44:12,604:INFO:ExtraTreesRegressor(bootstrap=False, ccp_alpha=0.0, criterion='mse',
                    max_depth=None, max_features='auto', max_leaf_nodes=None,
                    max_samples=None, min_impurity_decrease=0.0,
                    min_impurity_split=None, min_samples_leaf=1,
                    min_samples_split=2, min_weight_fraction_leaf=0.0,
                    n_estimators=100, n_jobs=4, oob_score=False,
                    random_state=838, verbose=0, warm_start=False)
2022-05-06 16:44:12,604:INFO:tune_model() succesfully completed......................................
2022-05-06 16:44:12,670:INFO:Initializing tune_model()
2022-05-06 16:44:12,670:INFO:tune_model(estimator=LGBMRegressor(boosting_type='gbdt', class_weight=None, colsample_bytree=1.0,
              importance_type='split', learning_rate=0.1, max_depth=-1,
              min_child_samples=20, min_child_weight=0.001, min_split_gain=0.0,
              n_estimators=100, n_jobs=4, num_leaves=31, objective=None,
              random_state=838, reg_alpha=0.0, reg_lambda=0.0, silent='warn',
              subsample=1.0, subsample_for_bin=200000, subsample_freq=0), fold=None, round=4, n_iter=10, custom_grid=None, optimize=MAE, custom_scorer=None, search_library=scikit-learn, search_algorithm=None, early_stopping=False, early_stopping_max_iters=10, choose_better=True, fit_kwargs=None, groups=None, return_tuner=False, verbose=True, tuner_verbose=True, display=None, return_train_score=False, kwargs={})
2022-05-06 16:44:12,670:INFO:Checking exceptions
2022-05-06 16:44:12,670:INFO:Preparing display monitor
2022-05-06 16:44:12,679:INFO:Copying training dataset
2022-05-06 16:44:12,681:INFO:Checking base model
2022-05-06 16:44:12,681:INFO:Base model : Light Gradient Boosting Machine
2022-05-06 16:44:12,689:INFO:Declaring metric variables
2022-05-06 16:44:12,698:INFO:Defining Hyperparameters
2022-05-06 16:44:12,763:INFO:Tuning with n_jobs=4
2022-05-06 16:44:12,763:INFO:Initializing RandomizedSearchCV
2022-05-06 16:48:59,963:INFO:best_params: {'actual_estimator__reg_lambda': 0.4, 'actual_estimator__reg_alpha': 5, 'actual_estimator__num_leaves': 256, 'actual_estimator__n_estimators': 70, 'actual_estimator__min_split_gain': 0.6, 'actual_estimator__min_child_samples': 46, 'actual_estimator__learning_rate': 0.3, 'actual_estimator__feature_fraction': 1.0, 'actual_estimator__bagging_freq': 3, 'actual_estimator__bagging_fraction': 0.9}
2022-05-06 16:48:59,964:INFO:Hyperparameter search completed
2022-05-06 16:48:59,964:INFO:SubProcess create_model() called ==================================
2022-05-06 16:48:59,964:INFO:Initializing create_model()
2022-05-06 16:48:59,964:INFO:create_model(estimator=LGBMRegressor(boosting_type='gbdt', class_weight=None, colsample_bytree=1.0,
              importance_type='split', learning_rate=0.1, max_depth=-1,
              min_child_samples=20, min_child_weight=0.001, min_split_gain=0.0,
              n_estimators=100, n_jobs=4, num_leaves=31, objective=None,
              random_state=838, reg_alpha=0.0, reg_lambda=0.0, silent='warn',
              subsample=1.0, subsample_for_bin=200000, subsample_freq=0), fold=TimeSeriesSplit(max_train_size=None, n_splits=10), round=4, cross_validation=True, predict=True, fit_kwargs={}, groups=None, refit=True, verbose=True, system=False, metrics=None, experiment_custom_tags=None, add_to_model_list=True, probability_threshold=None, display=<pycaret.internal.Display.Display object at 0x7fa0868e1310>, return_train_score=False, kwargs={'reg_lambda': 0.4, 'reg_alpha': 5, 'num_leaves': 256, 'n_estimators': 70, 'min_split_gain': 0.6, 'min_child_samples': 46, 'learning_rate': 0.3, 'feature_fraction': 1.0, 'bagging_freq': 3, 'bagging_fraction': 0.9})
2022-05-06 16:48:59,964:INFO:Checking exceptions
2022-05-06 16:48:59,964:INFO:Importing libraries
2022-05-06 16:48:59,965:INFO:Copying training dataset
2022-05-06 16:48:59,965:INFO:Defining folds
2022-05-06 16:48:59,966:INFO:Declaring metric variables
2022-05-06 16:48:59,973:INFO:Importing untrained model
2022-05-06 16:48:59,973:INFO:Declaring custom model
2022-05-06 16:48:59,981:INFO:Light Gradient Boosting Machine Imported succesfully
2022-05-06 16:48:59,997:INFO:Starting cross validation
2022-05-06 16:48:59,997:INFO:Cross validating with TimeSeriesSplit(max_train_size=None, n_splits=10), n_jobs=4
2022-05-06 16:49:36,120:INFO:Calculating mean and std
2022-05-06 16:49:36,121:INFO:Creating metrics dataframe
2022-05-06 16:49:36,128:INFO:Finalizing model
2022-05-06 16:49:37,067:INFO:Uploading results into container
2022-05-06 16:49:37,067:INFO:Uploading model into container now
2022-05-06 16:49:37,067:INFO:create_model_container: 20
2022-05-06 16:49:37,067:INFO:master_model_container: 20
2022-05-06 16:49:37,067:INFO:display_container: 4
2022-05-06 16:49:37,068:INFO:LGBMRegressor(bagging_fraction=0.9, bagging_freq=3, boosting_type='gbdt',
              class_weight=None, colsample_bytree=1.0, feature_fraction=1.0,
              importance_type='split', learning_rate=0.3, max_depth=-1,
              min_child_samples=46, min_child_weight=0.001, min_split_gain=0.6,
              n_estimators=70, n_jobs=4, num_leaves=256, objective=None,
              random_state=838, reg_alpha=5, reg_lambda=0.4, silent='warn',
              subsample=1.0, subsample_for_bin=200000, subsample_freq=0)
2022-05-06 16:49:37,068:INFO:create_model() succesfully completed......................................
2022-05-06 16:49:37,123:INFO:SubProcess create_model() end ==================================
2022-05-06 16:49:37,124:INFO:choose_better activated
2022-05-06 16:49:37,130:INFO:SubProcess create_model() called ==================================
2022-05-06 16:49:37,131:INFO:Initializing create_model()
2022-05-06 16:49:37,131:INFO:create_model(estimator=LGBMRegressor(boosting_type='gbdt', class_weight=None, colsample_bytree=1.0,
              importance_type='split', learning_rate=0.1, max_depth=-1,
              min_child_samples=20, min_child_weight=0.001, min_split_gain=0.0,
              n_estimators=100, n_jobs=4, num_leaves=31, objective=None,
              random_state=838, reg_alpha=0.0, reg_lambda=0.0, silent='warn',
              subsample=1.0, subsample_for_bin=200000, subsample_freq=0), fold=TimeSeriesSplit(max_train_size=None, n_splits=10), round=4, cross_validation=True, predict=True, fit_kwargs={}, groups=None, refit=True, verbose=False, system=False, metrics=None, experiment_custom_tags=None, add_to_model_list=True, probability_threshold=None, display=None, return_train_score=False, kwargs={})
2022-05-06 16:49:37,131:INFO:Checking exceptions
2022-05-06 16:49:37,131:INFO:Importing libraries
2022-05-06 16:49:37,131:INFO:Copying training dataset
2022-05-06 16:49:37,132:INFO:Defining folds
2022-05-06 16:49:37,132:INFO:Declaring metric variables
2022-05-06 16:49:37,132:INFO:Importing untrained model
2022-05-06 16:49:37,132:INFO:Declaring custom model
2022-05-06 16:49:37,133:INFO:Light Gradient Boosting Machine Imported succesfully
2022-05-06 16:49:37,133:INFO:Starting cross validation
2022-05-06 16:49:37,133:INFO:Cross validating with TimeSeriesSplit(max_train_size=None, n_splits=10), n_jobs=4
2022-05-06 16:49:51,151:INFO:Calculating mean and std
2022-05-06 16:49:51,151:INFO:Creating metrics dataframe
2022-05-06 16:49:51,156:INFO:Finalizing model
2022-05-06 16:49:51,540:INFO:Uploading results into container
2022-05-06 16:49:51,540:INFO:Uploading model into container now
2022-05-06 16:49:51,552:INFO:create_model_container: 21
2022-05-06 16:49:51,552:INFO:master_model_container: 21
2022-05-06 16:49:51,552:INFO:display_container: 5
2022-05-06 16:49:51,552:INFO:LGBMRegressor(boosting_type='gbdt', class_weight=None, colsample_bytree=1.0,
              importance_type='split', learning_rate=0.1, max_depth=-1,
              min_child_samples=20, min_child_weight=0.001, min_split_gain=0.0,
              n_estimators=100, n_jobs=4, num_leaves=31, objective=None,
              random_state=838, reg_alpha=0.0, reg_lambda=0.0, silent='warn',
              subsample=1.0, subsample_for_bin=200000, subsample_freq=0)
2022-05-06 16:49:51,552:INFO:create_model() succesfully completed......................................
2022-05-06 16:49:51,608:INFO:SubProcess create_model() end ==================================
2022-05-06 16:49:51,608:INFO:LGBMRegressor(boosting_type='gbdt', class_weight=None, colsample_bytree=1.0,
              importance_type='split', learning_rate=0.1, max_depth=-1,
              min_child_samples=20, min_child_weight=0.001, min_split_gain=0.0,
              n_estimators=100, n_jobs=4, num_leaves=31, objective=None,
              random_state=838, reg_alpha=0.0, reg_lambda=0.0, silent='warn',
              subsample=1.0, subsample_for_bin=200000, subsample_freq=0) result for MAE is 191.585
2022-05-06 16:49:51,609:INFO:LGBMRegressor(bagging_fraction=0.9, bagging_freq=3, boosting_type='gbdt',
              class_weight=None, colsample_bytree=1.0, feature_fraction=1.0,
              importance_type='split', learning_rate=0.3, max_depth=-1,
              min_child_samples=46, min_child_weight=0.001, min_split_gain=0.6,
              n_estimators=70, n_jobs=4, num_leaves=256, objective=None,
              random_state=838, reg_alpha=5, reg_lambda=0.4, silent='warn',
              subsample=1.0, subsample_for_bin=200000, subsample_freq=0) result for MAE is 187.9622
2022-05-06 16:49:51,609:INFO:LGBMRegressor(bagging_fraction=0.9, bagging_freq=3, boosting_type='gbdt',
              class_weight=None, colsample_bytree=1.0, feature_fraction=1.0,
              importance_type='split', learning_rate=0.3, max_depth=-1,
              min_child_samples=46, min_child_weight=0.001, min_split_gain=0.6,
              n_estimators=70, n_jobs=4, num_leaves=256, objective=None,
              random_state=838, reg_alpha=5, reg_lambda=0.4, silent='warn',
              subsample=1.0, subsample_for_bin=200000, subsample_freq=0) is best model
2022-05-06 16:49:51,609:INFO:choose_better completed
2022-05-06 16:49:51,615:INFO:create_model_container: 21
2022-05-06 16:49:51,615:INFO:master_model_container: 21
2022-05-06 16:49:51,615:INFO:display_container: 4
2022-05-06 16:49:51,616:INFO:LGBMRegressor(bagging_fraction=0.9, bagging_freq=3, boosting_type='gbdt',
              class_weight=None, colsample_bytree=1.0, feature_fraction=1.0,
              importance_type='split', learning_rate=0.3, max_depth=-1,
              min_child_samples=46, min_child_weight=0.001, min_split_gain=0.6,
              n_estimators=70, n_jobs=4, num_leaves=256, objective=None,
              random_state=838, reg_alpha=5, reg_lambda=0.4, silent='warn',
              subsample=1.0, subsample_for_bin=200000, subsample_freq=0)
2022-05-06 16:49:51,616:INFO:tune_model() succesfully completed......................................
2022-05-06 16:49:51,672:INFO:Initializing tune_model()
2022-05-06 16:49:51,672:INFO:tune_model(estimator=RandomForestRegressor(bootstrap=True, ccp_alpha=0.0, criterion='mse',
                      max_depth=None, max_features='auto', max_leaf_nodes=None,
                      max_samples=None, min_impurity_decrease=0.0,
                      min_impurity_split=None, min_samples_leaf=1,
                      min_samples_split=2, min_weight_fraction_leaf=0.0,
                      n_estimators=100, n_jobs=4, oob_score=False,
                      random_state=838, verbose=0, warm_start=False), fold=None, round=4, n_iter=10, custom_grid=None, optimize=MAE, custom_scorer=None, search_library=scikit-learn, search_algorithm=None, early_stopping=False, early_stopping_max_iters=10, choose_better=True, fit_kwargs=None, groups=None, return_tuner=False, verbose=True, tuner_verbose=True, display=None, return_train_score=False, kwargs={})
2022-05-06 16:49:51,673:INFO:Checking exceptions
2022-05-06 16:49:51,673:INFO:Preparing display monitor
2022-05-06 16:49:51,682:INFO:Copying training dataset
2022-05-06 16:49:51,683:INFO:Checking base model
2022-05-06 16:49:51,683:INFO:Base model : Random Forest Regressor
2022-05-06 16:49:51,690:INFO:Declaring metric variables
2022-05-06 16:49:51,696:INFO:Defining Hyperparameters
2022-05-06 16:49:51,753:INFO:Tuning with n_jobs=4
2022-05-06 16:49:51,753:INFO:Initializing RandomizedSearchCV
2022-05-06 17:38:15,204:INFO:best_params: {'actual_estimator__n_estimators': 280, 'actual_estimator__min_samples_split': 7, 'actual_estimator__min_samples_leaf': 4, 'actual_estimator__min_impurity_decrease': 0.02, 'actual_estimator__max_features': 1.0, 'actual_estimator__max_depth': 6, 'actual_estimator__criterion': 'mae', 'actual_estimator__bootstrap': True}
2022-05-06 17:38:15,205:INFO:Hyperparameter search completed
2022-05-06 17:38:15,205:INFO:SubProcess create_model() called ==================================
2022-05-06 17:38:15,205:INFO:Initializing create_model()
2022-05-06 17:38:15,205:INFO:create_model(estimator=RandomForestRegressor(bootstrap=True, ccp_alpha=0.0, criterion='mse',
                      max_depth=None, max_features='auto', max_leaf_nodes=None,
                      max_samples=None, min_impurity_decrease=0.0,
                      min_impurity_split=None, min_samples_leaf=1,
                      min_samples_split=2, min_weight_fraction_leaf=0.0,
                      n_estimators=100, n_jobs=4, oob_score=False,
                      random_state=838, verbose=0, warm_start=False), fold=TimeSeriesSplit(max_train_size=None, n_splits=10), round=4, cross_validation=True, predict=True, fit_kwargs={}, groups=None, refit=True, verbose=True, system=False, metrics=None, experiment_custom_tags=None, add_to_model_list=True, probability_threshold=None, display=<pycaret.internal.Display.Display object at 0x7fa10c24a2b0>, return_train_score=False, kwargs={'n_estimators': 280, 'min_samples_split': 7, 'min_samples_leaf': 4, 'min_impurity_decrease': 0.02, 'max_features': 1.0, 'max_depth': 6, 'criterion': 'mae', 'bootstrap': True})
2022-05-06 17:38:15,205:INFO:Checking exceptions
2022-05-06 17:38:15,206:INFO:Importing libraries
2022-05-06 17:38:15,206:INFO:Copying training dataset
2022-05-06 17:38:15,206:INFO:Defining folds
2022-05-06 17:38:15,207:INFO:Declaring metric variables
2022-05-06 17:38:15,213:INFO:Importing untrained model
2022-05-06 17:38:15,213:INFO:Declaring custom model
2022-05-06 17:38:15,220:INFO:Random Forest Regressor Imported succesfully
2022-05-06 17:38:15,233:INFO:Starting cross validation
2022-05-06 17:38:15,234:INFO:Cross validating with TimeSeriesSplit(max_train_size=None, n_splits=10), n_jobs=4
